L1I	0.00052431066	0.00157293198	0.00056132459	0.00115030922
ITLB	0.00034488694	0.00011496231	0.00108563524	0.00189912302
BP	0.00026991665	0.00008997222	0.00218769773	0.00115030922
BTB	0.00110206249	0.00074881381	0.00108563524	0.00115030922
GRF1	0.00059648232	0.00063964996	0.00108563524	0.00201408533
GRF2	0.00093384718	0.00040854329	0.00108563524	0.00306227858
GRF3	0.00050558017	0.00075461227	0.00168211757	0.00189912302
GRF4	0.00093384718	0.00040854329	0.00108563524	0.00265373530
WIN1	0.00001606238	0.00004818714	0.00215547017	0.00265373530
WIN2	0.00001606238	0.00004818714	0.00215547017	0.00270192243
WIN3	0.00001606238	0.00004818714	0.00215547017	0.00275010957
WIN4	0.00001616518	0.00004818714	0.00217153255	0.00265373530
LSQ	0.00013598774	0.00040796323	0.00201948243	0.00265373530
DTLB	0.00013598774	0.00029232718	0.00201948243	0.00306169853
L1D	0.00072179956	0.00114256790	0.00218769773	0.00124028143
RR	0.00043474130	0.00014544399	0.00218769773	0.00332537789
EU1	0.00015165751	0.00015177775	0.00233935524	0.00275503115
EU2	0.00015165751	0.00015177775	0.00218769773	0.00274379134
EU3	0.00015165751	0.00015165751	0.00233935524	0.00259213383
EU4	0.00015165751	0.00015165751	0.00218769773	0.00259213383
LRF1	0.00041848454	0.00031467507	0.00249101275	0.00259213383
LRF2	0.00062785349	0.00020928450	0.00218769773	0.00311609339
LRF3	0.00062785349	0.00020928450	0.00218769773	0.00290680890
LRF4	0.00062785349	0.00020928450	0.00218769773	0.00238284933
ROB	0.00003371943	0.00001123981	0.00233935524	0.00274379134
_0	0.00052431066	0.00074758068	0.00056132459	0.00272324119
_1	0.00025159538	0.00011496231	0.00143052218	0.00189912302
_2	0.00001616518	0.00076889944	0.00217153255	0.00270192243
_3	0.00001606238	0.00067252517	0.00215547017	0.00279829670
_4	0.00013598774	0.00011679616	0.00201948243	0.00335402571
_5	0.00028705825	0.00014544399	0.00262243904	0.00332537789
_6	0.00009394607	0.00020928450	0.00281555122	0.00311609339
_7	0.00009394607	0.00020928450	0.00281555122	0.00290680890
_8	0.00009394607	0.00020928450	0.00281555122	0.00238284933
_9	0.00045188290	0.00008997222	0.00245761439	0.00115030922
_10	0.00015165751	0.00001123981	0.00218769773	0.00289556909
_11	0.00011793808	0.00001123981	0.00237307467	0.00274379134
L2	0.00347082187	0.00115030922	0.00000000000	0.00000000000
L2_left	0.00056132459	0.00232051266	0.00000000000	0.00115030922
L2_right	0.00056132459	0.00232051266	0.00290949729	0.00115030922

printing orientation for L1I:   0.000524311     0.00157293
printing orientation for BTB:   0.00110135      0.000748814
printing orientation for ITLB:  0.000344887     0.000114962
printing orientation for GRF1:  0.000596482     0.000639612
printing orientation for HORIZONTAL CUT:        0.000596482     0.000754574     299     140     0.000114962
printing orientation for GRF3:  0.00050558      0.000754612
printing orientation for VERTICAL CUT:  0.00110206      0.000754612     140     95      0.000596482
printing orientation for HORIZONTAL CUT:        0.00110206      0.00150343      202     235     0.000748814
printing orientation for GRF4:  0.000933847     0.000408543
printing orientation for GRF2:  0.000933847     0.000408543
printing orientation for HORIZONTAL CUT:        0.000933847     0.000817087     262     262     0.000408543
printing orientation for LSQ:   0.000135988     0.000407963
printing orientation for DTLB:  0.000135632     0.000292327
printing orientation for HORIZONTAL CUT:        0.000135988     0.00070029      0       45      0.000407963
printing orientation for VERTICAL CUT:  0.00106983      0.000817087     524     0       0.000933847
printing orientation for WIN1:  1.60624e-05     4.81871e-05
printing orientation for WIN2:  1.60624e-05     4.81871e-05
printing orientation for HORIZONTAL CUT:        1.60624e-05     9.63743e-05     0       0       4.81871e-05
printing orientation for WIN3:  1.60624e-05     4.81871e-05
printing orientation for HORIZONTAL CUT:        1.60624e-05     0.000144561     0       0       9.63743e-05
printing orientation for VERTICAL CUT:  0.0010859       0.000817087     524     0       0.00106983
printing orientation for WIN4:  1.60624e-05     4.81871e-05
printing orientation for VERTICAL CUT:  0.00110196      0.000817087     524     0       0.0010859
printing orientation for HORIZONTAL CUT:        0.00110206      0.00232051      354     524     0.00150343
printing orientation for VERTICAL CUT:  0.00162637      0.00232051      0       648     0.000524311
printing orientation for BP:    0.000269917     8.99722e-05
printing orientation for L1D:   0.0007218       0.00114257
printing orientation for HORIZONTAL CUT:        0.0007218       0.00123254      299     87      8.99722e-05
printing orientation for LRF4:  0.000627853     0.000209284
printing orientation for HORIZONTAL CUT:        0.0007218       0.00144182      87      299     0.00123254
printing orientation for EU4:   0.000151658     0.000151658
printing orientation for EU2:   0.000151658     0.000151658
printing orientation for HORIZONTAL CUT:        0.000151658     0.000303315     0       1       0.000151658
printing orientation for EU3:   0.000151658     0.000151658
printing orientation for ROB:   3.37194e-05     1.12398e-05
printing orientation for HORIZONTAL CUT:        0.000151658     0.000162897     0       299     0.000151658
printing orientation for EU1:   0.000151658     0.000151658
printing orientation for HORIZONTAL CUT:        0.000151658     0.000314555     0       1       0.000162897
printing orientation for VERTICAL CUT:  0.000303315     0.000314555     0       0       0.000151658
printing orientation for LRF1:  0.000417574     0.000314675
printing orientation for VERTICAL CUT:  0.000720889     0.000314675     0       188     0.000303315
printing orientation for HORIZONTAL CUT:        0.0007218       0.0017565       137     188     0.00144182
printing orientation for LRF3:  0.000627853     0.000209284
printing orientation for HORIZONTAL CUT:        0.0007218       0.00196578      311     299     0.0017565
printing orientation for LRF2:  0.000627853     0.000209284
printing orientation for HORIZONTAL CUT:        0.0007218       0.00217507      361     299     0.00196578
printing orientation for RR:    0.000434741     0.000144914
printing orientation for HORIZONTAL CUT:        0.0007218       0.00231998      411     299     0.00217507
printing orientation for VERTICAL CUT:  0.00234817      0.00232051      648     411     0.00162637
FIG starts
0.00056 0.00115 0.00056 0.00272 0.00109 0.00272 0.00109 0.00115 0.00056 0.00115
L1I
0.00109 0.00190 0.00109 0.00201 0.00143 0.00201 0.00143 0.00190 0.00109 0.00190
ITLB
0.00219 0.00115 0.00219 0.00124 0.00246 0.00124 0.00246 0.00115 0.00219 0.00115
BP
0.00109 0.00115 0.00109 0.00190 0.00219 0.00190 0.00219 0.00115 0.00109 0.00115
BTB
0.00109 0.00201 0.00109 0.00265 0.00168 0.00265 0.00168 0.00201 0.00109 0.00201
GRF1
0.00109 0.00306 0.00109 0.00347 0.00202 0.00347 0.00202 0.00306 0.00109 0.00306
GRF2
0.00168 0.00190 0.00168 0.00265 0.00219 0.00265 0.00219 0.00190 0.00168 0.00190
GRF3
0.00109 0.00265 0.00109 0.00306 0.00202 0.00306 0.00202 0.00265 0.00109 0.00265
GRF4
0.00216 0.00265 0.00216 0.00270 0.00217 0.00270 0.00217 0.00265 0.00216 0.00265
WIN1
0.00216 0.00270 0.00216 0.00275 0.00217 0.00275 0.00217 0.00270 0.00216 0.00270
WIN2
0.00216 0.00275 0.00216 0.00280 0.00217 0.00280 0.00217 0.00275 0.00216 0.00275
WIN3
0.00217 0.00265 0.00217 0.00270 0.00219 0.00270 0.00219 0.00265 0.00217 0.00265
WIN4
0.00202 0.00265 0.00202 0.00306 0.00216 0.00306 0.00216 0.00265 0.00202 0.00265
LSQ
0.00202 0.00306 0.00202 0.00335 0.00216 0.00335 0.00216 0.00306 0.00202 0.00306
DTLB
0.00219 0.00124 0.00219 0.00238 0.00291 0.00238 0.00291 0.00124 0.00219 0.00124
L1D
0.00219 0.00333 0.00219 0.00347 0.00262 0.00347 0.00262 0.00333 0.00219 0.00333
RR
0.00234 0.00276 0.00234 0.00291 0.00249 0.00291 0.00249 0.00276 0.00234 0.00276
EU1
0.00219 0.00274 0.00219 0.00290 0.00234 0.00290 0.00234 0.00274 0.00219 0.00274
EU2
0.00234 0.00259 0.00234 0.00274 0.00249 0.00274 0.00249 0.00259 0.00234 0.00259
EU3
0.00219 0.00259 0.00219 0.00274 0.00234 0.00274 0.00234 0.00259 0.00219 0.00259
EU4
0.00249 0.00259 0.00249 0.00291 0.00291 0.00291 0.00291 0.00259 0.00249 0.00259
LRF1
0.00219 0.00312 0.00219 0.00333 0.00282 0.00333 0.00282 0.00312 0.00219 0.00312
LRF2
0.00219 0.00291 0.00219 0.00312 0.00282 0.00312 0.00282 0.00291 0.00219 0.00291
LRF3
0.00219 0.00238 0.00219 0.00259 0.00282 0.00259 0.00282 0.00238 0.00219 0.00238
LRF4
0.00234 0.00274 0.00234 0.00276 0.00237 0.00276 0.00237 0.00274 0.00234 0.00274
ROB
0.00056 0.00272 0.00056 0.00347 0.00109 0.00347 0.00109 0.00272 0.00056 0.00272
_0
0.00143 0.00190 0.00143 0.00201 0.00168 0.00201 0.00168 0.00190 0.00143 0.00190
_1
0.00217 0.00270 0.00217 0.00347 0.00219 0.00347 0.00219 0.00270 0.00217 0.00270
_2
0.00216 0.00280 0.00216 0.00347 0.00217 0.00347 0.00217 0.00280 0.00216 0.00280
_3
0.00202 0.00335 0.00202 0.00347 0.00216 0.00347 0.00216 0.00335 0.00202 0.00335
_4
0.00262 0.00333 0.00262 0.00347 0.00291 0.00347 0.00291 0.00333 0.00262 0.00333
_5
0.00282 0.00312 0.00282 0.00333 0.00291 0.00333 0.00291 0.00312 0.00282 0.00312
_6
0.00282 0.00291 0.00282 0.00312 0.00291 0.00312 0.00291 0.00291 0.00282 0.00291
_7
0.00282 0.00238 0.00282 0.00259 0.00291 0.00259 0.00291 0.00238 0.00282 0.00238
_8
0.00246 0.00115 0.00246 0.00124 0.00291 0.00124 0.00291 0.00115 0.00246 0.00115
_9
0.00219 0.00290 0.00219 0.00291 0.00234 0.00291 0.00234 0.00290 0.00219 0.00290
_10
0.00237 0.00274 0.00237 0.00276 0.00249 0.00276 0.00249 0.00274 0.00237 0.00274
_11
0.00000 0.00000 0.00000 0.00115 0.00347 0.00115 0.00347 0.00000 0.00000 0.00000
L2
0.00000 0.00115 0.00000 0.00347 0.00056 0.00347 0.00056 0.00115 0.00000 0.00115
L2_left
0.00291 0.00115 0.00291 0.00347 0.00347 0.00347 0.00347 0.00115 0.00291 0.00115
L2_right
FIG ends
printing summary statistics about the floorplan
total area:     1.20466e-05
total width:    0.00347082
total height:   0.00347082
core area:      5.44896e-06
occupied area:  4.84454e-06
area utilization:       88.908
core width:     0.00234817
core height:    0.00232051
core aspect ratio:      1.012
wire length metric:     6.489
peak temperature:       323.093
avg temperature:        319.533
printing wire delay between blocks for global and intermediate metal layers:
(in 2.0 GHz cycles)
name1   name2   global  intermediate
L1I     ITLB    0.130   0.249
L1I     RR      0.872   1.666
L1I     L2      0.652   1.244
ITLB    BP      0.524   0.999
ITLB    BTB     0.232   0.444
BP      BTB     0.291   0.556
GRF1    LSQ     0.352   0.672
GRF1    EU1     0.438   0.837
GRF1    EU2     0.391   0.747
GRF1    EU3     0.391   0.747
GRF1    EU4     0.348   0.664
GRF2    LSQ     0.271   0.517
GRF2    EU1     0.372   0.711
GRF2    EU2     0.332   0.634
GRF2    EU3     0.419   0.800
GRF2    EU4     0.375   0.717
GRF3    LSQ     0.210   0.402
GRF3    EU1     0.297   0.566
GRF3    EU2     0.250   0.477
GRF3    EU3     0.250   0.477
GRF3    EU4     0.206   0.394
GRF4    LSQ     0.153   0.293
GRF4    EU1     0.255   0.487
GRF4    EU2     0.215   0.410
GRF4    EU3     0.302   0.576
GRF4    EU4     0.258   0.493
WIN1    LSQ     0.073   0.140
WIN1    RR      0.276   0.526
WIN1    EU1     0.116   0.222
WIN1    EU2     0.069   0.132
WIN1    EU3     0.075   0.143
WIN1    EU4     0.032   0.060
WIN2    LSQ     0.060   0.114
WIN2    RR      0.262   0.500
WIN2    EU1     0.102   0.195
WIN2    EU2     0.056   0.106
WIN2    EU3     0.089   0.170
WIN2    EU4     0.045   0.087
WIN3    LSQ     0.046   0.087
WIN3    RR      0.248   0.474
WIN3    EU1     0.088   0.169
WIN3    EU2     0.042   0.080
WIN3    EU3     0.103   0.196
WIN3    EU4     0.059   0.113
WIN4    LSQ     0.078   0.149
WIN4    RR      0.271   0.518
WIN4    EU1     0.111   0.213
WIN4    EU2     0.065   0.124
WIN4    EU3     0.070   0.134
WIN4    EU4     0.027   0.051
LSQ     DTLB    0.100   0.192
LSQ     RR      0.246   0.470
LSQ     EU1     0.102   0.194
LSQ     EU2     0.061   0.117
LSQ     EU3     0.148   0.283
LSQ     EU4     0.105   0.200
LSQ     LRF1    0.207   0.395
LSQ     LRF2    0.223   0.425
LSQ     LRF3    0.163   0.311
LSQ     LRF4    0.225   0.429
LSQ     ROB     0.108   0.206
DTLB    L1D     0.533   1.017
L1D     L2      0.588   1.122
RR      ROB     0.200   0.382
EU1     LRF1    0.105   0.201
EU1     LRF2    0.137   0.261
EU1     LRF3    0.077   0.146
EU1     LRF4    0.123   0.235
EU1     ROB     0.040   0.077
EU2     LRF1    0.145   0.277
EU2     LRF2    0.183   0.350
EU2     LRF3    0.123   0.235
EU2     LRF4    0.164   0.312
EU2     ROB     0.047   0.089
EU3     LRF1    0.105   0.201
EU3     LRF2    0.183   0.350
EU3     LRF3    0.123   0.235
EU3     LRF4    0.077   0.146
EU3     ROB     0.040   0.077
EU4     LRF1    0.149   0.284
EU4     LRF2    0.227   0.433
EU4     LRF3    0.167   0.318
EU4     LRF4    0.120   0.229
EU4     ROB     0.050   0.095
printing wire energy between blocks for global and intermediate metal layers:
(in 2.0 GHz cycles)
name1   name2   global  intermediate
Power (W):      L1I     ITLB    72708443.561    72708443.561
Energy (pJ):    L1I     ITLB    3.635422e-02    3.635422e-02
Power (W):      L1I     RR      486866103.229   486866103.229
Energy (pJ):    L1I     RR      2.434331e-01    2.434331e-01
Power (W):      L1I     L2      363768258.874   363768258.874
Energy (pJ):    L1I     L2      1.818841e-01    1.818841e-01
Power (W):      ITLB    BP      292141791.898   292141791.898
Energy (pJ):    ITLB    BP      1.460709e-01    1.460709e-01
Power (W):      ITLB    BTB     129676133.501   129676133.501
Energy (pJ):    ITLB    BTB     6.483807e-02    6.483807e-02
Power (W):      BP      BTB     162465658.397   162465658.397
Energy (pJ):    BP      BTB     8.123283e-02    8.123283e-02
Power (W):      GRF1    LSQ     196385039.077   196385039.077
Energy (pJ):    GRF1    LSQ     9.819252e-02    9.819252e-02
Power (W):      GRF1    EU1     244530767.624   244530767.624
Energy (pJ):    GRF1    EU1     1.222654e-01    1.222654e-01
Power (W):      GRF1    EU2     218467196.571   218467196.571
Energy (pJ):    GRF1    EU2     1.092336e-01    1.092336e-01
Power (W):      GRF1    EU3     218457577.229   218457577.229
Energy (pJ):    GRF1    EU3     1.092288e-01    1.092288e-01
Power (W):      GRF1    EU4     194192375.808   194192375.808
Energy (pJ):    GRF1    EU4     9.709619e-02    9.709619e-02
Power (W):      GRF2    LSQ     151000124.935   151000124.935
Energy (pJ):    GRF2    LSQ     7.550006e-02    7.550006e-02
Power (W):      GRF2    EU1     207720858.699   207720858.699
Energy (pJ):    GRF2    EU1     1.038604e-01    1.038604e-01
Power (W):      GRF2    EU2     185254026.910   185254026.910
Energy (pJ):    GRF2    EU2     9.262701e-02    9.262701e-02
Power (W):      GRF2    EU3     233794049.093   233794049.093
Energy (pJ):    GRF2    EU3     1.168970e-01    1.168970e-01
Power (W):      GRF2    EU4     209528847.672   209528847.672
Energy (pJ):    GRF2    EU4     1.047644e-01    1.047644e-01
Power (W):      GRF3    LSQ     117417025.001   117417025.001
Energy (pJ):    GRF3    LSQ     5.870851e-02    5.870851e-02
Power (W):      GRF3    EU1     165562753.547   165562753.547
Energy (pJ):    GRF3    EU1     8.278138e-02    8.278138e-02
Power (W):      GRF3    EU2     139499182.494   139499182.494
Energy (pJ):    GRF3    EU2     6.974959e-02    6.974959e-02
Power (W):      GRF3    EU3     139489563.153   139489563.153
Energy (pJ):    GRF3    EU3     6.974478e-02    6.974478e-02
Power (W):      GRF3    EU4     115224361.732   115224361.732
Energy (pJ):    GRF3    EU4     5.761218e-02    5.761218e-02
Power (W):      GRF4    LSQ     85633198.758    85633198.758
Energy (pJ):    GRF4    LSQ     4.281660e-02    4.281660e-02
Power (W):      GRF4    EU1     142353932.521   142353932.521
Energy (pJ):    GRF4    EU1     7.117697e-02    7.117697e-02
Power (W):      GRF4    EU2     119887100.732   119887100.732
Energy (pJ):    GRF4    EU2     5.994355e-02    5.994355e-02
Power (W):      GRF4    EU3     168427122.916   168427122.916
Energy (pJ):    GRF4    EU3     8.421356e-02    8.421356e-02
Power (W):      GRF4    EU4     144161921.495   144161921.495
Energy (pJ):    GRF4    EU4     7.208096e-02    7.208096e-02
Power (W):      WIN1    LSQ     40946097.710    40946097.710
Energy (pJ):    WIN1    LSQ     2.047305e-02    2.047305e-02
Power (W):      WIN1    RR      153894086.064   153894086.064
Energy (pJ):    WIN1    RR      7.694704e-02    7.694704e-02
Power (W):      WIN1    EU1     64763806.584    64763806.584
Energy (pJ):    WIN1    EU1     3.238190e-02    3.238190e-02
Power (W):      WIN1    EU2     38700235.531    38700235.531
Energy (pJ):    WIN1    EU2     1.935012e-02    1.935012e-02
Power (W):      WIN1    EU3     41847826.448    41847826.448
Energy (pJ):    WIN1    EU3     2.092391e-02    2.092391e-02
Power (W):      WIN1    EU4     17582625.027    17582625.027
Energy (pJ):    WIN1    EU4     8.791313e-03    8.791313e-03
Power (W):      WIN2    LSQ     33236156.076    33236156.076
Energy (pJ):    WIN2    LSQ     1.661808e-02    1.661808e-02
Power (W):      WIN2    RR      146184144.430   146184144.430
Energy (pJ):    WIN2    RR      7.309207e-02    7.309207e-02
Power (W):      WIN2    EU1     57053864.950    57053864.950
Energy (pJ):    WIN2    EU1     2.852693e-02    2.852693e-02
Power (W):      WIN2    EU2     30990293.897    30990293.897
Energy (pJ):    WIN2    EU2     1.549515e-02    1.549515e-02
Power (W):      WIN2    EU3     49557768.082    49557768.082
Energy (pJ):    WIN2    EU3     2.477888e-02    2.477888e-02
Power (W):      WIN2    EU4     25292566.661    25292566.661
Energy (pJ):    WIN2    EU4     1.264628e-02    1.264628e-02
Power (W):      WIN3    LSQ     25526214.442    25526214.442
Energy (pJ):    WIN3    LSQ     1.276311e-02    1.276311e-02
Power (W):      WIN3    RR      138474202.796   138474202.796
Energy (pJ):    WIN3    RR      6.923710e-02    6.923710e-02
Power (W):      WIN3    EU1     49343923.316    49343923.316
Energy (pJ):    WIN3    EU1     2.467196e-02    2.467196e-02
Power (W):      WIN3    EU2     23280352.263    23280352.263
Energy (pJ):    WIN3    EU2     1.164018e-02    1.164018e-02
Power (W):      WIN3    EU3     57267709.716    57267709.716
Energy (pJ):    WIN3    EU3     2.863385e-02    2.863385e-02
Power (W):      WIN3    EU4     33002508.295    33002508.295
Energy (pJ):    WIN3    EU4     1.650125e-02    1.650125e-02
Power (W):      WIN4    LSQ     43524302.440    43524302.440
Energy (pJ):    WIN4    LSQ     2.176215e-02    2.176215e-02
Power (W):      WIN4    RR      151315881.335   151315881.335
Energy (pJ):    WIN4    RR      7.565794e-02    7.565794e-02
Power (W):      WIN4    EU1     62185601.854    62185601.854
Energy (pJ):    WIN4    EU1     3.109280e-02    3.109280e-02
Power (W):      WIN4    EU2     36122030.801    36122030.801
Energy (pJ):    WIN4    EU2     1.806102e-02    1.806102e-02
Power (W):      WIN4    EU3     39269621.718    39269621.718
Energy (pJ):    WIN4    EU3     1.963481e-02    1.963481e-02
Power (W):      WIN4    EU4     15004420.297    15004420.297
Energy (pJ):    WIN4    EU4     7.502210e-03    7.502210e-03
Power (W):      LSQ     DTLB    56023233.239    56023233.239
Energy (pJ):    LSQ     DTLB    2.801162e-02    2.801162e-02
Power (W):      LSQ     RR      137276008.026   137276008.026
Energy (pJ):    LSQ     RR      6.863800e-02    6.863800e-02
Power (W):      LSQ     EU1     56720733.764    56720733.764
Energy (pJ):    LSQ     EU1     2.836037e-02    2.836037e-02
Power (W):      LSQ     EU2     34253901.975    34253901.975
Energy (pJ):    LSQ     EU2     1.712695e-02    1.712695e-02
Power (W):      LSQ     EU3     82793924.158    82793924.158
Energy (pJ):    LSQ     EU3     4.139696e-02    4.139696e-02
Power (W):      LSQ     EU4     58528722.737    58528722.737
Energy (pJ):    LSQ     EU4     2.926436e-02    2.926436e-02
Power (W):      LSQ     LRF1    115363882.990   115363882.990
Energy (pJ):    LSQ     LRF1    5.768194e-02    5.768194e-02
Power (W):      LSQ     LRF2    124346704.242   124346704.242
Energy (pJ):    LSQ     LRF2    6.217335e-02    6.217335e-02
Power (W):      LSQ     LRF3    90861184.983    90861184.983
Energy (pJ):    LSQ     LRF3    4.543059e-02    4.543059e-02
Power (W):      LSQ     LRF4    125499761.254   125499761.254
Energy (pJ):    LSQ     LRF4    6.274988e-02    6.274988e-02
Power (W):      LSQ     ROB     60327092.369    60327092.369
Energy (pJ):    LSQ     ROB     3.016355e-02    3.016355e-02
Power (W):      DTLB    L1D     297186871.431   297186871.431
Energy (pJ):    DTLB    L1D     1.485934e-01    1.485934e-01
Power (W):      L1D     L2      327935575.751   327935575.751
Energy (pJ):    L1D     L2      1.639678e-01    1.639678e-01
Power (W):      RR      ROB     111606730.611   111606730.611
Energy (pJ):    RR      ROB     5.580337e-02    5.580337e-02
Power (W):      EU1     LRF1    58643149.227    58643149.227
Energy (pJ):    EU1     LRF1    2.932157e-02    2.932157e-02
Power (W):      EU1     LRF2    76200975.695    76200975.695
Energy (pJ):    EU1     LRF2    3.810049e-02    3.810049e-02
Power (W):      EU1     LRF3    42715456.437    42715456.437
Energy (pJ):    EU1     LRF3    2.135773e-02    2.135773e-02
Power (W):      EU1     LRF4    68779027.490    68779027.490
Energy (pJ):    EU1     LRF4    3.438951e-02    3.438951e-02
Power (W):      EU1     ROB     22476451.130    22476451.130
Energy (pJ):    EU1     ROB     1.123823e-02    1.123823e-02
Power (W):      EU2     LRF1    81109981.016    81109981.016
Energy (pJ):    EU2     LRF1    4.055499e-02    4.055499e-02
Power (W):      EU2     LRF2    102264546.748   102264546.748
Energy (pJ):    EU2     LRF2    5.113227e-02    5.113227e-02
Power (W):      EU2     LRF3    68779027.490    68779027.490
Energy (pJ):    EU2     LRF3    3.438951e-02    3.438951e-02
Power (W):      EU2     LRF4    91245859.279    91245859.279
Energy (pJ):    EU2     LRF4    4.562293e-02    4.562293e-02
Power (W):      EU2     ROB     26073190.394    26073190.394
Energy (pJ):    EU2     ROB     1.303660e-02    1.303660e-02
Power (W):      EU3     LRF1    58652768.568    58652768.568
Energy (pJ):    EU3     LRF1    2.932638e-02    2.932638e-02
Power (W):      EU3     LRF2    102274166.090   102274166.090
Energy (pJ):    EU3     LRF2    5.113708e-02    5.113708e-02
Power (W):      EU3     LRF3    68788646.831    68788646.831
Energy (pJ):    EU3     LRF3    3.439432e-02    3.439432e-02
Power (W):      EU3     LRF4    42705837.096    42705837.096
Energy (pJ):    EU3     LRF4    2.135292e-02    2.135292e-02
Power (W):      EU3     ROB     22466831.789    22466831.789
Energy (pJ):    EU3     ROB     1.123342e-02    1.123342e-02
Power (W):      EU4     LRF1    82917969.989    82917969.989
Energy (pJ):    EU4     LRF1    4.145898e-02    4.145898e-02
Power (W):      EU4     LRF2    126539367.511   126539367.511
Energy (pJ):    EU4     LRF2    6.326968e-02    6.326968e-02
Power (W):      EU4     LRF3    93053848.252    93053848.252
Energy (pJ):    EU4     LRF3    4.652692e-02    4.652692e-02
Power (W):      EU4     LRF4    66971038.517    66971038.517
Energy (pJ):    EU4     LRF4    3.348552e-02    3.348552e-02
POWER (W):      EU4     ROB     27861940.685    27861940.685
