L1I	0.00052431066	0.00157293198	0.00341315560	0.00154727930
ITLB	0.00033489677	0.00011839171	0.00301436445	0.00261655624
BP	0.00027822585	0.00008755950	0.00298385043	0.00273494794
BTB	0.00069198368	0.00119289179	0.00272117192	0.00282250745
RF	0.00246811993	0.00246811993	0.00007793298	0.00154727930
WIN	0.00006389438	0.00019086383	0.00334926122	0.00250159392
DTLB	0.00034488694	0.00011496231	0.00282001861	0.00250159392
L1D	0.00086710269	0.00095431462	0.00254605291	0.00154727930
EU1	0.00017511901	0.00013165234	0.00254605291	0.00250159392
EU2	0.00017511901	0.00013165234	0.00254605291	0.00289592477
EU3	0.00017511901	0.00013274579	0.00254605291	0.00302757711
EU4	0.00019434584	0.00011839171	0.00282001861	0.00261655624
EU5	0.00026267851	0.00008755950	0.00272117192	0.00273494794
EU6	0.00009884670	0.00023335402	0.00272117192	0.00250159392
EU7	0.00008755950	0.00026267851	0.00254605291	0.00263324626
EU8	0.00008755950	0.00026267851	0.00263361241	0.00263324626
_0	0.00052431066	0.00089518796	0.00341315560	0.00312021128
_1	0.00017511901	0.00085507634	0.00254605291	0.00316032289
_2	0.00015107931	0.00008755950	0.00326207628	0.00273494794
_3	0.00006389438	0.00004249019	0.00334926122	0.00269245775
_4	0.00018435567	0.00011496231	0.00316490555	0.00250159392
L2	0.00401539923	0.00154727930	0.00000000000	0.00000000000
L2_left	0.00007793298	0.00246811993	0.00000000000	0.00154727930
L2_right	0.00007793298	0.00246811993	0.00393746626	0.00154727930

printing orientation for RF:    0.00246812      0.00246812
printing orientation for L1D:   0.000864186     0.000954315
printing orientation for EU1:   0.000174703     0.000131652
printing orientation for EU7:   8.75595e-05     0.000262679
printing orientation for EU8:   8.75595e-05     0.000262679
printing orientation for VERTICAL CUT:  0.000175119     0.000262679     0       0       8.75595e-05
printing orientation for HORIZONTAL CUT:        0.000175119     0.000394331     188     0       0.000131652
printing orientation for EU2:   0.000174703     0.000131652
printing orientation for HORIZONTAL CUT:        0.000175119     0.000525983     0       188     0.000394331
printing orientation for EU3:   0.000174703     0.000131652
printing orientation for HORIZONTAL CUT:        0.000175119     0.000657636     0       188     0.000525983
printing orientation for EU6:   9.88467e-05     0.000232684
printing orientation for DTLB:  0.000344887     0.000114962
printing orientation for EU4:   0.000194346     0.000118346
printing orientation for ITLB:  0.000334897     0.000118392
printing orientation for VERTICAL CUT:  0.000529243     0.000118392     217     291     0.000194346
printing orientation for HORIZONTAL CUT:        0.000529243     0.000233354     299     508     0.000114962
printing orientation for VERTICAL CUT:  0.000628089     0.000233354     33      653     9.88467e-05
printing orientation for WIN:   6.36213e-05     0.000190864
printing orientation for VERTICAL CUT:  0.000691711     0.000233354     686     0       0.000628089
printing orientation for EU5:   0.000262679     8.75595e-05
printing orientation for BP:    0.000277953     8.7371e-05
printing orientation for VERTICAL CUT:  0.000540631     8.75595e-05     299     257     0.000262679
printing orientation for HORIZONTAL CUT:        0.000691711     0.000320914     686     556     0.000233354
printing orientation for BTB:   0.000691984     0.0011918
printing orientation for HORIZONTAL CUT:        0.000691984     0.00151271      881     99      0.000320914
printing orientation for VERTICAL CUT:  0.000867103     0.00151271      0       745     0.000175119
printing orientation for HORIZONTAL CUT:        0.000867103     0.00246703      136     745     0.000954315
printing orientation for VERTICAL CUT:  0.00333522      0.00246812      0       853     0.00246812
printing orientation for L1I:   0.000524311     0.00157293
printing orientation for VERTICAL CUT:  0.00385953      0.00246812      853     0       0.00333522
FIG starts
0.00341 0.00155 0.00341 0.00312 0.00394 0.00312 0.00394 0.00155 0.00341 0.00155
L1I
0.00301 0.00262 0.00301 0.00273 0.00335 0.00273 0.00335 0.00262 0.00301 0.00262
ITLB
0.00298 0.00273 0.00298 0.00282 0.00326 0.00282 0.00326 0.00273 0.00298 0.00273
BP
0.00272 0.00282 0.00272 0.00402 0.00341 0.00402 0.00341 0.00282 0.00272 0.00282
BTB
0.00008 0.00155 0.00008 0.00402 0.00255 0.00402 0.00255 0.00155 0.00008 0.00155
RF
0.00335 0.00250 0.00335 0.00269 0.00341 0.00269 0.00341 0.00250 0.00335 0.00250
WIN
0.00282 0.00250 0.00282 0.00262 0.00316 0.00262 0.00316 0.00250 0.00282 0.00250
DTLB
0.00255 0.00155 0.00255 0.00250 0.00341 0.00250 0.00341 0.00155 0.00255 0.00155
L1D
0.00255 0.00250 0.00255 0.00263 0.00272 0.00263 0.00272 0.00250 0.00255 0.00250
EU1
0.00255 0.00290 0.00255 0.00303 0.00272 0.00303 0.00272 0.00290 0.00255 0.00290
EU2
0.00255 0.00303 0.00255 0.00316 0.00272 0.00316 0.00272 0.00303 0.00255 0.00303
EU3
0.00282 0.00262 0.00282 0.00273 0.00301 0.00273 0.00301 0.00262 0.00282 0.00262
EU4
0.00272 0.00273 0.00272 0.00282 0.00298 0.00282 0.00298 0.00273 0.00272 0.00273
EU5
0.00272 0.00250 0.00272 0.00273 0.00282 0.00273 0.00282 0.00250 0.00272 0.00250
EU6
0.00255 0.00263 0.00255 0.00290 0.00263 0.00290 0.00263 0.00263 0.00255 0.00263
EU7
0.00263 0.00263 0.00263 0.00290 0.00272 0.00290 0.00272 0.00263 0.00263 0.00263
EU8
0.00341 0.00312 0.00341 0.00402 0.00394 0.00402 0.00394 0.00312 0.00341 0.00312
_0
0.00255 0.00316 0.00255 0.00402 0.00272 0.00402 0.00272 0.00316 0.00255 0.00316
_1
0.00326 0.00273 0.00326 0.00282 0.00341 0.00282 0.00341 0.00273 0.00326 0.00273
_2
0.00335 0.00269 0.00335 0.00273 0.00341 0.00273 0.00341 0.00269 0.00335 0.00269
_3
0.00316 0.00250 0.00316 0.00262 0.00335 0.00262 0.00335 0.00250 0.00316 0.00250
_4
0.00000 0.00000 0.00000 0.00155 0.00402 0.00155 0.00402 0.00000 0.00000 0.00000
L2
0.00000 0.00155 0.00000 0.00402 0.00008 0.00402 0.00008 0.00155 0.00000 0.00155
L2_left
0.00394 0.00155 0.00394 0.00402 0.00402 0.00402 0.00402 0.00155 0.00394 0.00155
L2_right
FIG ends
printing summary statistics about the floorplan
total area:     1.61234e-05
total width:    0.0040154
total height:   0.0040154
core area:      9.52579e-06
occupied area:  8.86956e-06
area utilization:       93.111
core width:     0.00385953
core height:    0.00246812
core aspect ratio:      1.564
wire length metric:     3.137
peak temperature:       323.180
avg temperature:        320.741
printing wire delay between blocks for global and intermediate metal layers:
(in 2.0 GHz cycles)
name1   name2   global  intermediate
L1I     ITLB    0.240   0.457
L1I     WIN     0.160   0.305
L1I     L2      0.925   1.767
ITLB    BP      0.046   0.089
ITLB    BTB     0.246   0.470
BP      BTB     0.200   0.381
RF      L1D     0.695   1.327
RF      EU1     0.440   0.840
RF      EU2     0.431   0.822
RF      EU3     0.469   0.894
RF      EU4     0.491   0.936
RF      EU5     0.442   0.845
RF      EU6     0.465   0.888
RF      EU7     0.371   0.709
RF      EU8     0.396   0.757
WIN     EU1     0.223   0.425
WIN     EU2     0.319   0.609
WIN     EU3     0.357   0.681
WIN     EU4     0.156   0.297
WIN     EU5     0.204   0.389
WIN     EU6     0.181   0.346
WIN     EU7     0.275   0.525
WIN     EU8     0.250   0.477
DTLB    L1D     0.157   0.300
L1D     L2      0.637   1.217
printing wire energy between blocks for global and intermediate metal layers:
(in 2.0 GHz cycles)
name1   name2   global  intermediate
Power (W):      L1I     ITLB    133680782.496   133680782.496
Energy (pJ):    L1I     ITLB    6.684039e-02    6.684039e-02
Power (W):      L1I     WIN     89181290.239    89181290.239
Energy (pJ):    L1I     WIN     4.459065e-02    4.459065e-02
Power (W):      L1I     L2      516434711.704   516434711.704
Energy (pJ):    L1I     L2      2.582174e-01    2.582174e-01
Power (W):      ITLB    BP      25892013.452    25892013.452
Energy (pJ):    ITLB    BP      1.294601e-02    1.294601e-02
Power (W):      ITLB    BTB     137256052.520   137256052.520
Energy (pJ):    ITLB    BTB     6.862803e-02    6.862803e-02
Power (W):      BP      BTB     111364039.068   111364039.068
Energy (pJ):    BP      BTB     5.568202e-02    5.568202e-02
Power (W):      RF      L1D     387922234.368   387922234.368
Energy (pJ):    RF      L1D     1.939611e-01    1.939611e-01
Power (W):      RF      EU1     245686183.375   245686183.375
Energy (pJ):    RF      EU1     1.228431e-01    1.228431e-01
Power (W):      RF      EU2     240324982.553   240324982.553
Energy (pJ):    RF      EU2     1.201625e-01    1.201625e-01
Power (W):      RF      EU3     261476832.399   261476832.399
Energy (pJ):    RF      EU3     1.307384e-01    1.307384e-01
Power (W):      RF      EU4     273725722.613   273725722.613
Energy (pJ):    RF      EU4     1.368629e-01    1.368629e-01
Power (W):      RF      EU5     246900768.522   246900768.522
Energy (pJ):    RF      EU5     1.234504e-01    1.234504e-01
Power (W):      RF      EU6     259467305.120   259467305.120
Energy (pJ):    RF      EU6     1.297337e-01    1.297337e-01
Power (W):      RF      EU7     207134955.277   207134955.277
Energy (pJ):    RF      EU7     1.035675e-01    1.035675e-01
Power (W):      RF      EU8     221144475.850   221144475.850
Energy (pJ):    RF      EU8     1.105722e-01    1.105722e-01
Power (W):      WIN     EU1     124352278.223   124352278.223
Energy (pJ):    WIN     EU1     6.217614e-02    6.217614e-02
Power (W):      WIN     EU2     177971375.623   177971375.623
Energy (pJ):    WIN     EU2     8.898569e-02    8.898569e-02
Power (W):      WIN     EU3     199123225.468   199123225.468
Energy (pJ):    WIN     EU3     9.956161e-02    9.956161e-02
Power (W):      WIN     EU4     86838900.762    86838900.762
Energy (pJ):    WIN     EU4     4.341945e-02    4.341945e-02
Power (W):      WIN     EU5     113663854.853   113663854.853
Energy (pJ):    WIN     EU5     5.683193e-02    5.683193e-02
Power (W):      WIN     EU6     101097318.255   101097318.255
Energy (pJ):    WIN     EU6     5.054866e-02    5.054866e-02
Power (W):      WIN     EU7     153429668.097   153429668.097
Energy (pJ):    WIN     EU7     7.671483e-02    7.671483e-02
Power (W):      WIN     EU8     139420147.525   139420147.525
Energy (pJ):    WIN     EU8     6.971007e-02    6.971007e-02
Power (W):      DTLB    L1D     87599407.381    87599407.381
Energy (pJ):    DTLB    L1D     4.379970e-02    4.379970e-02
Power (W):      L1D     L2      355632255.761   355632255.761
Energy (pJ):    L1D     L2      1.778161e-01    1.778161e-01
