name1   name2   global  intermediate
Energy (pJ):    L1I ITLB    8.636699e-02    8.636699e-02
Energy (pJ):    L1I RR  8.415546e-02    8.415546e-02
Energy (pJ):    L1I L2  1.992548e-01    1.992548e-01
Energy (pJ):    ITLB    BP  1.135120e-02    1.135120e-02
Energy (pJ):    ITLB    BTB 1.444642e-01    1.444642e-01
Energy (pJ):    BP  BTB 1.331130e-01    1.331130e-01
Energy (pJ):    RF  LSQ 9.684717e-02    9.684717e-02
Energy (pJ):    RF  EU1 1.244847e-01    1.244847e-01
Energy (pJ):    RF  EU2 1.052913e-01    1.052913e-01
Energy (pJ):    RF  EU3 8.315342e-02    8.315342e-02
Energy (pJ):    RF  EU4 1.163443e-01    1.163443e-01
Energy (pJ):    RF  EU5 8.203846e-02    8.203846e-02
Energy (pJ):    RF  EU6 1.151755e-01    1.151755e-01
Energy (pJ):    RF  EU7 9.015818e-02    9.015818e-02
Energy (pJ):    RF  EU8 9.622387e-02    9.622387e-02
Energy (pJ):    RS  LSQ 9.577798e-02    9.577798e-02
Energy (pJ):    RS  RR  1.267878e-01    1.267878e-01
Energy (pJ):    RS  EU1 9.141366e-02    9.141366e-02
Energy (pJ):    RS  EU2 7.626848e-02    7.626848e-02
Energy (pJ):    RS  EU3 4.003060e-02    4.003060e-02
Energy (pJ):    RS  EU4 6.926372e-02    6.926372e-02
Energy (pJ):    RS  EU5 1.105867e-01    1.105867e-01
Energy (pJ):    RS  EU6 6.809488e-02    6.809488e-02
Energy (pJ):    RS  EU7 4.703536e-02    4.703536e-02
Energy (pJ):    RS  EU8 5.614804e-02    5.614804e-02
Energy (pJ):    LSQ DTLB    4.577995e-02    4.577995e-02
Energy (pJ):    LSQ RR  3.100982e-02    3.100982e-02
Energy (pJ):    LSQ EU1 2.763756e-02    2.763756e-02
Energy (pJ):    LSQ EU2 1.950950e-02    1.950950e-02
Energy (pJ):    LSQ EU3 5.574738e-02    5.574738e-02
Energy (pJ):    LSQ EU4 3.056250e-02    3.056250e-02
Energy (pJ):    LSQ EU5 1.480870e-02    1.480870e-02
Energy (pJ):    LSQ EU6 4.574087e-02    4.574087e-02
Energy (pJ):    LSQ EU7 4.874262e-02    4.874262e-02
Energy (pJ):    LSQ EU8 3.962994e-02    3.962994e-02
Energy (pJ):    LSQ ROB 2.947078e-02    2.947078e-02
Energy (pJ):    DTLB    L1D 6.046779e-02    6.046779e-02
Energy (pJ):    L1D L2  1.787491e-01    1.787491e-01
Energy (pJ):    RR  ROB 6.048060e-02    6.048060e-02
Energy (pJ):    EU1 ROB 2.510645e-02    2.510645e-02
Energy (pJ):    EU2 ROB 9.961278e-03    9.961278e-03
Energy (pJ):    EU3 ROB 2.627660e-02    2.627660e-02
Energy (pJ):    EU4 ROB 9.961278e-03    9.961278e-03
Energy (pJ):    EU5 ROB 4.427948e-02    4.427948e-02
Energy (pJ):    EU6 ROB 1.627009e-02    1.627009e-02
Energy (pJ):    EU7 ROB 1.927184e-02    1.927184e-02
Energy (pJ):    EU8 ROB 1.015917e-02    1.015917e-02
