L1I	0.00056845305	0.00145111832	0.00094271660	0.00131473856
ITLB	0.00022572204	0.00017605947	0.00217805866	0.00193665711
BP	0.00022572204	0.00010772063	0.00217805866	0.00211271658
BTB	0.00123534206	0.00066819992	0.00094271660	0.00276585688
RF	0.00123534206	0.00123534206	0.00094271660	0.00007939650
RS	0.00031328154	0.00086373337	0.00217805866	0.00007939650
LSQ	0.00026186104	0.00021235616	0.00191619762	0.00131473856
DTLB	0.00013816253	0.00028700574	0.00217805866	0.00164965137
L1D	0.00066688901	0.00123876216	0.00151116965	0.00152709472
RR	0.00029667140	0.00021235616	0.00151116965	0.00131473856
EU1	0.00013816253	0.00016655392	0.00217805866	0.00148309745
EU2	0.00008755950	0.00026267851	0.00217805866	0.00122041894
EU3	0.00026380932	0.00008755950	0.00217805866	0.00094312987
EU4	0.00008755950	0.00026267851	0.00231622119	0.00122041894
EU5	0.00010835657	0.00021235616	0.00180784105	0.00131473856
EU6	0.00008755950	0.00026267851	0.00240378070	0.00111824887
EU7	0.00026380932	0.00008755950	0.00217805866	0.00103068937
EU8	0.00022572204	0.00010217006	0.00217805866	0.00111824887
ROB	0.00005060303	0.00015180909	0.00226561816	0.00122041894
_0	0.00031328154	0.00121361959	0.00217805866	0.00222043721
_1	0.00004947222	0.00008755950	0.00244186798	0.00103068937
_2	0.00004947222	0.00008755950	0.00244186798	0.00094312987
_3	0.00008755950	0.00083950982	0.00240378070	0.00138092738
_4	0.00008755950	0.00045355966	0.00231622119	0.00148309745
_5	0.00005060303	0.00011086942	0.00226561816	0.00137222803
L2	0.00343405680	0.00007939650	0.00000000000	0.00000000000
L2_left	0.00094271660	0.00335466030	0.00000000000	0.00007939650
L2_right	0.00094271660	0.00335466030	0.00249134020	0.00007939650

printing orientation for RF:    0.00123534  0.00123534
printing orientation for L1I:   0.000568453 0.00145079
printing orientation for RR:    0.000296671 0.000212356
printing orientation for EU5:   0.000108357 0.000212262
printing orientation for VERTICAL CUT:  0.000405028 0.000212356 195 58  0.000296671
printing orientation for LSQ:   0.00026154  0.00021212
printing orientation for VERTICAL CUT:  0.000666568 0.000212356 253 178 0.000405028
printing orientation for L1D:   0.000665749 0.00123876
printing orientation for HORIZONTAL CUT:    0.000666568 0.00145112  431 65  0.000212356
printing orientation for VERTICAL CUT:  0.00123502  0.00145112  22  257 0.000568453
printing orientation for HORIZONTAL CUT:    0.00123534  0.00268646  0   279 0.00123534
printing orientation for BTB:   0.00123422  0.0006682
printing orientation for HORIZONTAL CUT:    0.00123534  0.00335466  0   233 0.00268646
printing orientation for RS:    0.000312151 0.000863733
printing orientation for EU3:   0.000262679 8.75595e-05
printing orientation for HORIZONTAL CUT:    0.000312151 0.000951293 11  299 0.000863733
printing orientation for EU7:   0.000262679 8.75595e-05
printing orientation for HORIZONTAL CUT:    0.000312151 0.00103885  11  299 0.000951293
printing orientation for EU8:   0.000225115 0.00010217
printing orientation for EU2:   8.75595e-05 0.000262679
printing orientation for ROB:   5.0603e-05  0.000151809
printing orientation for VERTICAL CUT:  0.000138163 0.000262679 0   0   8.75595e-05
printing orientation for EU1:   0.000138093 0.000166554
printing orientation for HORIZONTAL CUT:    0.000138163 0.000429232 0   124 0.000262679
printing orientation for DTLB:  0.000138147 0.000287006
printing orientation for HORIZONTAL CUT:    0.000138163 0.000716238 0   50  0.000429232
printing orientation for EU4:   8.75595e-05 0.000262679
printing orientation for VERTICAL CUT:  0.000225722 0.000716238 0   0   0.000138163
printing orientation for HORIZONTAL CUT:    0.000225722 0.000818408 257 0   0.00010217
printing orientation for ITLB:  0.000225202 0.000176059
printing orientation for HORIZONTAL CUT:    0.000225722 0.000994468 0   183 0.000818408
printing orientation for BP:    0.000225444 0.000107721
printing orientation for HORIZONTAL CUT:    0.000225722 0.00110219  0   250 0.000994468
printing orientation for EU6:   8.75595e-05 0.000262679
printing orientation for VERTICAL CUT:  0.000313282 0.00110219  0   0   0.000225722
printing orientation for HORIZONTAL CUT:    0.000313282 0.00214104  11  0   0.00103885
printing orientation for VERTICAL CUT:  0.00154862  0.00335466  0   0   0.00123534
FIG starts
0.00094 0.00131 0.00094 0.00277 0.00151 0.00277 0.00151 0.00131 0.00094 0.00131
L1I
0.00218 0.00194 0.00218 0.00211 0.00240 0.00211 0.00240 0.00194 0.00218 0.00194
ITLB
0.00218 0.00211 0.00218 0.00222 0.00240 0.00222 0.00240 0.00211 0.00218 0.00211
BP
0.00094 0.00277 0.00094 0.00343 0.00218 0.00343 0.00218 0.00277 0.00094 0.00277
BTB
0.00094 0.00008 0.00094 0.00131 0.00218 0.00131 0.00218 0.00008 0.00094 0.00008
RF
0.00218 0.00008 0.00218 0.00094 0.00249 0.00094 0.00249 0.00008 0.00218 0.00008
RS
0.00192 0.00131 0.00192 0.00153 0.00218 0.00153 0.00218 0.00131 0.00192 0.00131
LSQ
0.00218 0.00165 0.00218 0.00194 0.00232 0.00194 0.00232 0.00165 0.00218 0.00165
DTLB
0.00151 0.00153 0.00151 0.00277 0.00218 0.00277 0.00218 0.00153 0.00151 0.00153
L1D
0.00151 0.00131 0.00151 0.00153 0.00181 0.00153 0.00181 0.00131 0.00151 0.00131
RR
0.00218 0.00148 0.00218 0.00165 0.00232 0.00165 0.00232 0.00148 0.00218 0.00148
EU1
0.00218 0.00122 0.00218 0.00148 0.00227 0.00148 0.00227 0.00122 0.00218 0.00122
EU2
0.00218 0.00094 0.00218 0.00103 0.00244 0.00103 0.00244 0.00094 0.00218 0.00094
EU3
0.00232 0.00122 0.00232 0.00148 0.00240 0.00148 0.00240 0.00122 0.00232 0.00122
EU4
0.00181 0.00131 0.00181 0.00153 0.00192 0.00153 0.00192 0.00131 0.00181 0.00131
EU5
0.00240 0.00112 0.00240 0.00138 0.00249 0.00138 0.00249 0.00112 0.00240 0.00112
EU6
0.00218 0.00103 0.00218 0.00112 0.00244 0.00112 0.00244 0.00103 0.00218 0.00103
EU7
0.00218 0.00112 0.00218 0.00122 0.00240 0.00122 0.00240 0.00112 0.00218 0.00112
EU8
0.00227 0.00122 0.00227 0.00137 0.00232 0.00137 0.00232 0.00122 0.00227 0.00122
ROB
0.00218 0.00222 0.00218 0.00343 0.00249 0.00343 0.00249 0.00222 0.00218 0.00222
_0
0.00244 0.00103 0.00244 0.00112 0.00249 0.00112 0.00249 0.00103 0.00244 0.00103
_1
0.00244 0.00094 0.00244 0.00103 0.00249 0.00103 0.00249 0.00094 0.00244 0.00094
_2
0.00240 0.00138 0.00240 0.00222 0.00249 0.00222 0.00249 0.00138 0.00240 0.00138
_3
0.00232 0.00148 0.00232 0.00194 0.00240 0.00194 0.00240 0.00148 0.00232 0.00148
_4
0.00227 0.00137 0.00227 0.00148 0.00232 0.00148 0.00232 0.00137 0.00227 0.00137
_5
0.00000 0.00000 0.00000 0.00008 0.00343 0.00008 0.00343 0.00000 0.00000 0.00000
L2
0.00000 0.00008 0.00000 0.00343 0.00094 0.00343 0.00094 0.00008 0.00000 0.00008
L2_left
0.00249 0.00008 0.00249 0.00343 0.00343 0.00343 0.00343 0.00008 0.00249 0.00008
L2_right
FIG ends
printing summary statistics about the floorplan
total area: 1.17927e-05
total width:    0.00343406
total height:   0.00343406
core area:  5.19511e-06
occupied area:  4.68741e-06
area utilization:   90.227
core width: 0.00154862
core height:    0.00335466
core aspect ratio:  2.166
wire length metric: 3.770
peak temperature:   322.911
avg temperature:    320.235
printing wire delay between blocks for global and intermediate metal layers:
(in 2.0 GHz cycles)
name1   name2   global  intermediate
L1I ITLB    0.310   0.591
L1I RR  0.302   0.576
L1I L2  0.714   1.363
ITLB    BP  0.041   0.078
ITLB    BTB 0.518   0.988
BP  BTB 0.477   0.911
RF  LSQ 0.347   0.663
RF  EU1 0.446   0.852
RF  EU2 0.377   0.720
RF  EU3 0.298   0.569
RF  EU4 0.417   0.796
RF  EU5 0.294   0.561
RF  EU6 0.413   0.788
RF  EU7 0.323   0.617
RF  EU8 0.345   0.658
RS  LSQ 0.343   0.655
RS  RR  0.454   0.867
RS  EU1 0.328   0.625
RS  EU2 0.273   0.522
RS  EU3 0.143   0.274
RS  EU4 0.248   0.474
RS  EU5 0.396   0.757
RS  EU6 0.244   0.466
RS  EU7 0.169   0.322
RS  EU8 0.201   0.384
LSQ DTLB    0.164   0.313
LSQ RR  0.111   0.212
LSQ EU1 0.099   0.189
LSQ EU2 0.070   0.133
LSQ EU3 0.200   0.381
LSQ EU4 0.110   0.209
LSQ EU5 0.053   0.101
LSQ EU6 0.164   0.313
LSQ EU7 0.175   0.333
LSQ EU8 0.142   0.271
LSQ ROB 0.106   0.202
DTLB    L1D 0.217   0.414
L1D L2  0.641   1.223
RR  ROB 0.217   0.414
EU1 ROB 0.090   0.172
EU2 ROB 0.036   0.068
EU3 ROB 0.094   0.180
EU4 ROB 0.036   0.068
EU5 ROB 0.159   0.303
EU6 ROB 0.058   0.111
EU7 ROB 0.069   0.132
EU8 ROB 0.036   0.070
printing wire energy between blocks for global and intermediate metal layers:
(in 2.0 GHz cycles)
name1   name2   global  intermediate
Power (W):  L1I ITLB    172733988.012   172733988.012
Energy (pJ):    L1I ITLB    8.636699e-02    8.636699e-02
Power (W):  L1I RR  168310928.293   168310928.293
Energy (pJ):    L1I RR  8.415546e-02    8.415546e-02
Power (W):  L1I L2  398509558.947   398509558.947
Energy (pJ):    L1I L2  1.992548e-01    1.992548e-01
Power (W):  ITLB    BP  22702407.628    22702407.628
Energy (pJ):    ITLB    BP  1.135120e-02    1.135120e-02
Power (W):  ITLB    BTB 288928326.361   288928326.361
Energy (pJ):    ITLB    BTB 1.444642e-01    1.444642e-01
Power (W):  BP  BTB 266225918.732   266225918.732
Energy (pJ):    BP  BTB 1.331130e-01    1.331130e-01
Power (W):  RF  LSQ 193694338.770   193694338.770
Energy (pJ):    RF  LSQ 9.684717e-02    9.684717e-02
Power (W):  RF  EU1 248969468.128   248969468.128
Energy (pJ):    RF  EU1 1.244847e-01    1.244847e-01
Power (W):  RF  EU2 210582631.177   210582631.177
Energy (pJ):    RF  EU2 1.052913e-01    1.052913e-01
Power (W):  RF  EU3 166306844.656   166306844.656
Energy (pJ):    RF  EU3 8.315342e-02    8.315342e-02
Power (W):  RF  EU4 232688636.583   232688636.583
Energy (pJ):    RF  EU4 1.163443e-01    1.163443e-01
Power (W):  RF  EU5 164076929.949   164076929.949
Energy (pJ):    RF  EU5 8.203846e-02    8.203846e-02
Power (W):  RF  EU6 230350946.835   230350946.835
Energy (pJ):    RF  EU6 1.151755e-01    1.151755e-01
Power (W):  RF  EU7 180316365.228   180316365.228
Energy (pJ):    RF  EU7 9.015818e-02    9.015818e-02
Power (W):  RF  EU8 192447747.862   192447747.862
Energy (pJ):    RF  EU8 9.622387e-02    9.622387e-02
Power (W):  RS  LSQ 191555959.577   191555959.577
Energy (pJ):    RS  LSQ 9.577798e-02    9.577798e-02
Power (W):  RS  RR  253575605.920   253575605.920
Energy (pJ):    RS  RR  1.267878e-01    1.267878e-01
Power (W):  RS  EU1 182827316.714   182827316.714
Energy (pJ):    RS  EU1 9.141366e-02    9.141366e-02
Power (W):  RS  EU2 152536964.597   152536964.597
Energy (pJ):    RS  EU2 7.626848e-02    7.626848e-02
Power (W):  RS  EU3 80061207.043    80061207.043
Energy (pJ):    RS  EU3 4.003060e-02    4.003060e-02
Power (W):  RS  EU4 138527444.024   138527444.024
Energy (pJ):    RS  EU4 6.926372e-02    6.926372e-02
Power (W):  RS  EU5 221173368.398   221173368.398
Energy (pJ):    RS  EU5 1.105867e-01    1.105867e-01
Power (W):  RS  EU6 136189754.276   136189754.276
Energy (pJ):    RS  EU6 6.809488e-02    6.809488e-02
Power (W):  RS  EU7 94070727.615    94070727.615
Energy (pJ):    RS  EU7 4.703536e-02    4.703536e-02
Power (W):  RS  EU8 112296075.875   112296075.875
Energy (pJ):    RS  EU8 5.614804e-02    5.614804e-02
Power (W):  LSQ DTLB    91559902.286    91559902.286
Energy (pJ):    LSQ DTLB    4.577995e-02    4.577995e-02
Power (W):  LSQ RR  62019646.343    62019646.343
Energy (pJ):    LSQ RR  3.100982e-02    3.100982e-02
Power (W):  LSQ EU1 55275129.359    55275129.359
Energy (pJ):    LSQ EU1 2.763756e-02    2.763756e-02
Power (W):  LSQ EU2 39018994.981    39018994.981
Energy (pJ):    LSQ EU2 1.950950e-02    1.950950e-02
Power (W):  LSQ EU3 111494752.534   111494752.534
Energy (pJ):    LSQ EU3 5.574738e-02    5.574738e-02
Power (W):  LSQ EU4 61125000.387    61125000.387
Energy (pJ):    LSQ EU4 3.056250e-02    3.056250e-02
Power (W):  LSQ EU5 29617408.821    29617408.821
Energy (pJ):    LSQ EU5 1.480870e-02    1.480870e-02
Power (W):  LSQ EU6 91481731.280    91481731.280
Energy (pJ):    LSQ EU6 4.574087e-02    4.574087e-02
Power (W):  LSQ EU7 97485231.962    97485231.962
Energy (pJ):    LSQ EU7 4.874262e-02    4.874262e-02
Power (W):  LSQ EU8 79259883.703    79259883.703
Energy (pJ):    LSQ EU8 3.962994e-02    3.962994e-02
Power (W):  LSQ ROB 58941551.291    58941551.291
Energy (pJ):    LSQ ROB 2.947078e-02    2.947078e-02
Power (W):  DTLB    L1D 120935572.854   120935572.854
Energy (pJ):    DTLB    L1D 6.046779e-02    6.046779e-02
Power (W):  L1D L2  357498128.082   357498128.082
Energy (pJ):    L1D L2  1.787491e-01    1.787491e-01
Power (W):  RR  ROB 120961197.634   120961197.634
Energy (pJ):    RR  ROB 6.048060e-02    6.048060e-02
Power (W):  EU1 ROB 50212908.428    50212908.428
Energy (pJ):    EU1 ROB 2.510645e-02    2.510645e-02
Power (W):  EU2 ROB 19922556.311    19922556.311
Energy (pJ):    EU2 ROB 9.961278e-03    9.961278e-03
Power (W):  EU3 ROB 52553201.243    52553201.243
Energy (pJ):    EU3 ROB 2.627660e-02    2.627660e-02
Power (W):  EU4 ROB 19922556.311    19922556.311
Energy (pJ):    EU4 ROB 9.961278e-03    9.961278e-03
Power (W):  EU5 ROB 88558960.112    88558960.112
Energy (pJ):    EU5 ROB 4.427948e-02    4.427948e-02
Power (W):  EU6 ROB 32540179.988    32540179.988
Energy (pJ):    EU6 ROB 1.627009e-02    1.627009e-02
Power (W):  EU7 ROB 38543680.671    38543680.671
Energy (pJ):    EU7 ROB 1.927184e-02    1.927184e-02
Power (W):  EU8 ROB 20318332.411    20318332.411
Energy (pJ):    EU8 ROB 1.015917e-02    1.015917e-02
