FIG starts
0.00066 0.00142 0.00066 0.00195 0.00223 0.00195 0.00223 0.00142 0.00066 0.00142
L1I
0.00138 0.00195 0.00138 0.00228 0.00150 0.00228 0.00150 0.00195 0.00138 0.00195
ITLB
0.00129 0.00195 0.00129 0.00222 0.00138 0.00222 0.00138 0.00195 0.00129 0.00195
BP
0.00066 0.00090 0.00066 0.00142 0.00223 0.00142 0.00223 0.00090 0.00066 0.00090
BTB
0.00110 0.00228 0.00110 0.00351 0.00233 0.00351 0.00233 0.00228 0.00110 0.00228
RF
0.00066 0.00195 0.00066 0.00326 0.00110 0.00326 0.00110 0.00195 0.00066 0.00195
RS
0.00173 0.00203 0.00173 0.00219 0.00208 0.00219 0.00208 0.00203 0.00173 0.00203
LSQ
0.00208 0.00203 0.00208 0.00219 0.00233 0.00219 0.00233 0.00203 0.00208 0.00203
DTLB
0.00233 0.00142 0.00233 0.00299 0.00286 0.00299 0.00286 0.00142 0.00233 0.00142
L1D
0.00110 0.00195 0.00110 0.00228 0.00129 0.00228 0.00129 0.00195 0.00110 0.00195
RR
0.00158 0.00195 0.00158 0.00203 0.00185 0.00203 0.00185 0.00195 0.00158 0.00195
EU1
0.00168 0.00219 0.00168 0.00228 0.00194 0.00228 0.00194 0.00219 0.00168 0.00219
EU2
0.00150 0.00195 0.00150 0.00221 0.00158 0.00221 0.00158 0.00195 0.00150 0.00195
EU3
0.00158 0.00203 0.00158 0.00228 0.00168 0.00228 0.00168 0.00203 0.00158 0.00203
EU4
0.00168 0.00203 0.00168 0.00219 0.00173 0.00219 0.00173 0.00203 0.00168 0.00203
ROB
0.00223 0.00090 0.00223 0.00142 0.00286 0.00142 0.00286 0.00090 0.00223 0.00090
_0
0.00233 0.00299 0.00233 0.00351 0.00286 0.00351 0.00286 0.00299 0.00233 0.00299
_1
0.00223 0.00142 0.00223 0.00195 0.00233 0.00195 0.00233 0.00142 0.00223 0.00142
_2
0.00066 0.00326 0.00066 0.00351 0.00110 0.00351 0.00110 0.00326 0.00066 0.00326
_3
0.00150 0.00221 0.00150 0.00228 0.00158 0.00228 0.00158 0.00221 0.00150 0.00221
_4
0.00129 0.00222 0.00129 0.00228 0.00138 0.00228 0.00138 0.00222 0.00129 0.00222
_5
0.00185 0.00195 0.00185 0.00203 0.00233 0.00203 0.00233 0.00195 0.00185 0.00195
_6
0.00194 0.00219 0.00194 0.00228 0.00233 0.00228 0.00233 0.00219 0.00194 0.00219
_7
0.00168 0.00219 0.00168 0.00219 0.00173 0.00219 0.00173 0.00219 0.00168 0.00219
_8
0.00000 0.00000 0.00000 0.00090 0.00351 0.00090 0.00351 0.00000 0.00000 0.00000
L2
0.00000 0.00090 0.00000 0.00351 0.00066 0.00351 0.00066 0.00090 0.00000 0.00090
L2_left
0.00286 0.00090 0.00286 0.00351 0.00351 0.00351 0.00351 0.00090 0.00286 0.00090
L2_right
FIG ends
printing summary statistics about the floorplan
total area: 1.23494e-05
total width:    0.00351417
total height:   0.00351417
core area:  5.75178e-06
occupied area:  4.89905e-06
area utilization:   85.174
core width: 0.00219819
core height:    0.0026166
core aspect ratio:  1.190
wire length metric: 1.944
peak temperature:   323.060
avg temperature:    320.312
printing wire delay between blocks for global and intermediate metal layers:
(in 2.0 GHz cycles)
name1   name2   global  intermediate
L1I ITLB    0.125   0.239
L1I RR  0.195   0.373
L1I L2  0.444   0.847
ITLB    BP  0.039   0.074
ITLB    BTB 0.276   0.526
BP  BTB 0.297   0.566
RF  LSQ 0.279   0.533
RF  EU1 0.260   0.496
RF  EU2 0.217   0.413
RF  EU3 0.285   0.544
RF  EU4 0.236   0.451
RS  LSQ 0.435   0.831
RS  RR  0.231   0.441
RS  EU1 0.416   0.794
RS  EU2 0.373   0.711
RS  EU3 0.341   0.650
RS  EU4 0.344   0.657
LSQ DTLB    0.087   0.165
LSQ RR  0.204   0.390
LSQ EU1 0.089   0.171
LSQ EU2 0.062   0.119
LSQ EU3 0.114   0.219
LSQ EU4 0.091   0.174
LSQ ROB 0.059   0.112
DTLB    L1D 0.139   0.265
L1D L2  0.744   1.421
RR  ROB 0.147   0.281
EU1 ROB 0.038   0.072
EU2 ROB 0.066   0.127
EU3 ROB 0.056   0.107
EU4 ROB 0.034   0.065
printing wire energy between blocks for global and intermediate metal layers:
(in 2.0 GHz cycles)
name1   name2   global  intermediate
Power (W):  L1I ITLB    69971345.424    69971345.424
Energy (pJ):    L1I ITLB    3.498567e-02    3.498567e-02
Power (W):  L1I RR  109067683.148   109067683.148
Energy (pJ):    L1I RR  5.453384e-02    5.453384e-02
Power (W):  L1I L2  247661030.147   247661030.147
Energy (pJ):    L1I L2  1.238305e-01    1.238305e-01
Power (W):  ITLB    BP  21742665.613    21742665.613
Energy (pJ):    ITLB    BP  1.087133e-02    1.087133e-02
Power (W):  ITLB    BTB 153861050.792   153861050.792
Energy (pJ):    ITLB    BTB 7.693053e-02    7.693053e-02
Power (W):  BP  BTB 165596327.388   165596327.388
Energy (pJ):    BP  BTB 8.279816e-02    8.279816e-02
Power (W):  RF  LSQ 155711373.452   155711373.452
Energy (pJ):    RF  LSQ 7.785569e-02    7.785569e-02
Power (W):  RF  EU1 145052222.868   145052222.868
Energy (pJ):    RF  EU1 7.252611e-02    7.252611e-02
Power (W):  RF  EU2 120846834.371   120846834.371
Energy (pJ):    RF  EU2 6.042342e-02    6.042342e-02
Power (W):  RF  EU3 159047852.850   159047852.850
Energy (pJ):    RF  EU3 7.952393e-02    7.952393e-02
Power (W):  RF  EU4 131944339.738   131944339.738
Energy (pJ):    RF  EU4 6.597217e-02    6.597217e-02
Power (W):  RS  LSQ 242816991.352   242816991.352
Energy (pJ):    RS  LSQ 1.214085e-01    1.214085e-01
Power (W):  RS  RR  128874783.393   128874783.393
Energy (pJ):    RS  RR  6.443739e-02    6.443739e-02
Power (W):  RS  EU1 232142273.334   232142273.334
Energy (pJ):    RS  EU1 1.160711e-01    1.160711e-01
Power (W):  RS  EU2 207952452.272   207952452.272
Energy (pJ):    RS  EU2 1.039762e-01    1.039762e-01
Power (W):  RS  EU3 190099821.027   190099821.027
Energy (pJ):    RS  EU3 9.504991e-02    9.504991e-02
Power (W):  RS  EU4 192028321.658   192028321.658
Energy (pJ):    RS  EU4 9.601416e-02    9.601416e-02
Power (W):  LSQ DTLB    48365896.149    48365896.149
Energy (pJ):    LSQ DTLB    2.418295e-02    2.418295e-02
Power (W):  LSQ RR  113942207.960   113942207.960
Energy (pJ):    LSQ RR  5.697110e-02    5.697110e-02
Power (W):  LSQ EU1 49887032.251    49887032.251
Energy (pJ):    LSQ EU1 2.494352e-02    2.494352e-02
Power (W):  LSQ EU2 34864539.081    34864539.081
Energy (pJ):    LSQ EU2 1.743227e-02    1.743227e-02
Power (W):  LSQ EU3 63882662.233    63882662.233
Energy (pJ):    LSQ EU3 3.194133e-02    3.194133e-02
Power (W):  LSQ EU4 50788669.694    50788669.694
Energy (pJ):    LSQ EU4 2.539433e-02    2.539433e-02
Power (W):  LSQ ROB 32681089.985    32681089.985
Energy (pJ):    LSQ ROB 1.634054e-02    1.634054e-02
Power (W):  DTLB    L1D 77468506.125    77468506.125
Energy (pJ):    DTLB    L1D 3.873425e-02    3.873425e-02
Power (W):  L1D L2  415440440.882   415440440.882
Energy (pJ):    L1D L2  2.077202e-01    2.077202e-01
Power (W):  RR  ROB 82174457.133    82174457.133
Energy (pJ):    RR  ROB 4.108723e-02    4.108723e-02
Power (W):  EU1 ROB 21093032.808    21093032.808
Energy (pJ):    EU1 ROB 1.054652e-02    1.054652e-02
Power (W):  EU2 ROB 37028865.138    37028865.138
Energy (pJ):    EU2 ROB 1.851443e-02    1.851443e-02
Power (W):  EU3 ROB 31201572.248    31201572.248
Energy (pJ):    EU3 ROB 1.560079e-02    1.560079e-02
Power (W):  EU4 ROB 19020918.868    19020918.868
Energy (pJ):    EU4 ROB 9.510459e-03    9.510459e-03
L1I	0.00157293198	0.00052431066	0.00065799278	0.00142188496
ITLB	0.00011926492	0.00033263647	0.00137597896	0.00194619562
BP	0.00008997222	0.00027009029	0.00128600674	0.00194619562
BTB	0.00157293198	0.00052431066	0.00065799278	0.00089757430
RF	0.00123535882	0.00123534206	0.00109651188	0.00227883208
RS	0.00043851910	0.00131555730	0.00065799278	0.00194619562
LSQ	0.00035220222	0.00015751746	0.00172729700	0.00203375512
DTLB	0.00025237148	0.00015751746	0.00207949922	0.00203375512
L1D	0.00052431066	0.00157293198	0.00233187070	0.00142188496
RR	0.00018949486	0.00033263647	0.00109651188	0.00194619562
EU1	0.00026267851	0.00008755950	0.00158280339	0.00194619562
EU2	0.00026267851	0.00008755950	0.00167669397	0.00219127258
EU3	0.00008755950	0.00026285214	0.00149524388	0.00194619562
EU4	0.00009389058	0.00024507696	0.00158280339	0.00203375512
ROB	0.00005060303	0.00015180909	0.00167669397	0.00203375512
_0	0.00062525660	0.00052431066	0.00223092476	0.00089757430
_1	0.00052431066	0.00051935721	0.00233187070	0.00299481693
_2	0.00010094594	0.00052431066	0.00223092476	0.00142188496
_3	0.00043851910	0.00025242123	0.00065799278	0.00326175291
_4	0.00008755950	0.00006978432	0.00149524388	0.00220904776
_5	0.00008997222	0.00006254618	0.00128600674	0.00221628590
_6	0.00048638880	0.00008755950	0.00184548190	0.00194619562
_7	0.00039249822	0.00008755950	0.00193937248	0.00219127258
_8	0.00005060303	0.00000570837	0.00167669397	0.00218556421
L2	0.00351417414	0.00089757430	0.00000000000	0.00000000000
L2_left	0.00065799278	0.00261659984	0.00000000000	0.00089757430
L2_right	0.00065799278	0.00261659984	0.00285618136	0.00089757430
