BP	0.00034846090	0.00007185327	0.00000000000	0.00341987323
BTB	0.00071469708	0.00115392245	0.00000000000	0.00226595078
GRF	0.00349172651	0.00349172651	0.00073075945	0.00000000000
WIN1	0.00004818714	0.00001606238	0.00016724104	0.00189299486
WIN2	0.00004828510	0.00001606238	0.00035689354	0.00151513367
WIN3	0.00004828510	0.00001606238	0.00043774424	0.00153119605
WIN4	0.00003398892	0.00002285595	0.00043774424	0.00165925810
WIN5	0.00003386427	0.00002285595	0.00047173317	0.00165925810
WIN6	0.00004818714	0.00001606238	0.00034236005	0.00153119605
WIN7	0.00001606238	0.00005034823	0.00071469708	0.00190905724
WIN8	0.00003394216	0.00002285595	0.00050559743	0.00165925810
LSQ	0.00009538420	0.00025817693	0.00034236005	0.00154725843
RR	0.00016724104	0.00037786119	0.00000000000	0.00153119605
EU1	0.00026267851	0.00008755950	0.00016724104	0.00180543536
EU2	0.00020535775	0.00011199967	0.00043774424	0.00154725843
EU3	0.00026277647	0.00008755950	0.00035689354	0.00142757417
EU4	0.00008755950	0.00026267851	0.00016724104	0.00153119605
EU5	0.00010179535	0.00022694319	0.00043774424	0.00168211405
EU6	0.00009232258	0.00024979914	0.00055077941	0.00165925810
EU7	0.00008765747	0.00026296969	0.00064310199	0.00154725843
EU8	0.00008755950	0.00026267851	0.00025480054	0.00153119605
LRF1	0.00035689354	0.00035689354	0.00000000000	0.00190905724
LRF2	0.00035699150	0.00035689354	0.00035689354	0.00107068062
LRF3	0.00035699150	0.00035689354	0.00035689354	0.00071378708
LRF4	0.00035699150	0.00035689354	0.00000000000	0.00035689354
LRF5	0.00035689354	0.00035689354	0.00000000000	0.00071378708
LRF6	0.00035780353	0.00035689354	0.00035689354	0.00190905724
LRF7	0.00035689354	0.00035689354	0.00000000000	0.00107068062
LRF8	0.00035699150	0.00035689354	0.00000000000	0.00000000000
ROB	0.00001123981	0.00003471910	0.00053953959	0.00165925810
_0	0.00001687441	0.00153119605	0.00071388505	0.00000000000
_1	0.00035689354	0.00071378708	0.00035699150	0.00000000000
_2	0.00035689354	0.00010362188	0.00000000000	0.00142757417
_3	0.00030870641	0.00001606238	0.00040517864	0.00151513367
_4	0.00009421503	0.00008755950	0.00061967001	0.00142757417
_5	0.00022231607	0.00001606238	0.00021542817	0.00189299486
_6	0.00000782470	0.00008755950	0.00042991955	0.00180543536
_7	0.00017511901	0.00001156080	0.00016724104	0.00179387456
_8	0.00004719706	0.00001606238	0.00039054718	0.00153119605
_9	0.00024473011	0.00001606238	0.00048602934	0.00153119605
_10	0.00008765747	0.00009882913	0.00064310199	0.00181022811
_11	0.00001123981	0.00021508004	0.00053953959	0.00169397720
_12	0.00001606238	0.00153232103	0.00071469708	0.00195940547
_13	0.00036623617	0.00007185327	0.00034846090	0.00341987323
printing wire delay between blocks for global and intermediate metal layers:
(in 2.0 GHz cycles)
name1   name2   global  intermediate
BP  BTB 0.228   0.436
GRF EU1 0.654   1.249
GRF EU2 0.596   1.138
GRF EU3 0.649   1.239
GRF EU4 0.673   1.286
GRF EU5 0.584   1.115
GRF EU6 0.550   1.050
GRF EU7 0.532   1.016
GRF EU8 0.648   1.238
WIN1    EU1 0.046   0.087
WIN2    EU2 0.069   0.131
WIN3    EU3 0.027   0.052
WIN4    EU4 0.072   0.138
WIN5    EU5 0.036   0.068
WIN6    EU6 0.136   0.260
WIN7    EU7 0.084   0.159
WIN8    EU8 0.067   0.127
LSQ EU1 0.076   0.145
LSQ EU2 0.064   0.122
LSQ EU3 0.087   0.166
LSQ EU4 0.055   0.106
LSQ EU5 0.062   0.119
LSQ EU6 0.090   0.172
LSQ EU7 0.086   0.164
LSQ EU8 0.030   0.058
LSQ ROB 0.045   0.085
EU1 LRF1    0.103   0.196
EU1 ROB 0.120   0.229
EU2 LRF2    0.103   0.197
EU2 ROB 0.022   0.043
EU3 LRF3    0.180   0.343
EU3 ROB 0.075   0.143
EU4 LRF4    0.333   0.635
EU4 ROB 0.100   0.191
EU5 LRF5    0.348   0.664
EU5 ROB 0.050   0.096
EU6 LRF6    0.105   0.200
EU6 ROB 0.046   0.087
EU7 LRF7    0.269   0.513
EU7 ROB 0.041   0.079
EU8 LRF8    0.460   0.878
EU8 ROB 0.075   0.143
printing wire energy between blocks for global and intermediate metal layers:
(in 2.0 GHz cycles)
name1   name2   global  intermediate
Power (W):  BP  BTB 127360951.787   127360951.787
Energy (J):     BP  BTB 6.368048e-14    6.368048e-14
Power (W):  GRF EU1 365023083.809   365023083.809
Energy (J):     GRF EU1 1.825115e-13    1.825115e-13
Power (W):  GRF EU2 332608733.259   332608733.259
Energy (J):     GRF EU2 1.663044e-13    1.663044e-13
Power (W):  GRF EU3 362056042.525   362056042.525
Energy (J):     GRF EU3 1.810280e-13    1.810280e-13
Power (W):  GRF EU4 375828778.934   375828778.934
Energy (J):     GRF EU4 1.879144e-13    1.879144e-13
Power (W):  GRF EU5 326032508.941   326032508.941
Energy (J):     GRF EU5 1.630163e-13    1.630163e-13
Power (W):  GRF EU6 306876228.481   306876228.481
Energy (J):     GRF EU6 1.534381e-13    1.534381e-13
Power (W):  GRF EU7 297089915.158   297089915.158
Energy (J):     GRF EU7 1.485450e-13    1.485450e-13
Power (W):  GRF EU8 361819258.361   361819258.361
Energy (J):     GRF EU8 1.809096e-13    1.809096e-13
Power (W):  WIN1    EU1 25449060.600    25449060.600
Energy (J):     WIN1    EU1 1.272453e-14    1.272453e-14
Power (W):  WIN2    EU2 38316868.749    38316868.749
Energy (J):     WIN2    EU2 1.915843e-14    1.915843e-14
Power (W):  WIN3    EU3 15082928.762    15082928.762
Energy (J):     WIN3    EU3 7.541464e-15    7.541464e-15
Power (W):  WIN4    EU4 40298989.634    40298989.634
Energy (J):     WIN4    EU4 2.014949e-14    2.014949e-14
Power (W):  WIN5    EU5 19987672.428    19987672.428
Energy (J):     WIN5    EU5 9.993836e-15    9.993836e-15
Power (W):  WIN6    EU6 76066802.775    76066802.775
Energy (J):     WIN6    EU6 3.803340e-14    3.803340e-14
Power (W):  WIN7    EU7 46605700.947    46605700.947
Energy (J):     WIN7    EU7 2.330285e-14    2.330285e-14
Power (W):  WIN8    EU8 37142238.473    37142238.473
Energy (J):     WIN8    EU8 1.857112e-14    1.857112e-14
Power (W):  LSQ EU1 42294411.206    42294411.206
Energy (J):     LSQ EU1 2.114721e-14    2.114721e-14
Power (W):  LSQ EU2 35753536.516    35753536.516
Energy (J):     LSQ EU2 1.787677e-14    1.787677e-14
Power (W):  LSQ EU3 48515617.449    48515617.449
Energy (J):     LSQ EU3 2.425781e-14    2.425781e-14
Power (W):  LSQ EU4 30854871.178    30854871.178
Energy (J):     LSQ EU4 1.542744e-14    1.542744e-14
Power (W):  LSQ EU5 34852564.300    34852564.300
Energy (J):     LSQ EU5 1.742628e-14    1.742628e-14
Power (W):  LSQ EU6 50351892.687    50351892.687
Energy (J):     LSQ EU6 2.517595e-14    2.517595e-14
Power (W):  LSQ EU7 47883992.598    47883992.598
Energy (J):     LSQ EU7 2.394200e-14    2.394200e-14
Power (W):  LSQ EU8 16845350.606    16845350.606
Energy (J):     LSQ EU8 8.422675e-15    8.422675e-15
Power (W):  LSQ ROB 24860497.919    24860497.919
Energy (J):     LSQ ROB 1.243025e-14    1.243025e-14
Power (W):  EU1 LRF1    57347587.777    57347587.777
Energy (J):     EU1 LRF1    2.867379e-14    2.867379e-14
Power (W):  EU1 ROB 67068267.046    67068267.046
Energy (J):     EU1 ROB 3.353413e-14    3.353413e-14
Power (W):  EU2 LRF2    57466350.410    57466350.410
Energy (J):     EU2 LRF2    2.873318e-14    2.873318e-14
Power (W):  EU2 ROB 12495323.422    12495323.422
Energy (J):     EU2 ROB 6.247662e-15    6.247662e-15
Power (W):  EU3 LRF3    100196412.724   100196412.724
Energy (J):     EU3 LRF3    5.009821e-14    5.009821e-14
Power (W):  EU3 ROB 41942632.688    41942632.688
Energy (J):     EU3 ROB 2.097132e-14    2.097132e-14
Power (W):  EU4 LRF4    185555204.680   185555204.680
Energy (J):     EU4 LRF4    9.277760e-14    9.277760e-14
Power (W):  EU4 ROB 55715369.097    55715369.097
Energy (J):     EU4 ROB 2.785768e-14    2.785768e-14
Power (W):  EU5 LRF5    194167510.475   194167510.475
Energy (J):     EU5 LRF5    9.708376e-14    9.708376e-14
Power (W):  EU5 ROB 28077692.177    28077692.177
Energy (J):     EU5 ROB 1.403885e-14    1.403885e-14
Power (W):  EU6 LRF6    58318677.003    58318677.003
Energy (J):     EU6 LRF6    2.915934e-14    2.915934e-14
Power (W):  EU6 ROB 25491394.768    25491394.768
Energy (J):     EU6 ROB 1.274570e-14    1.274570e-14
Power (W):  EU7 LRF7    150095972.125   150095972.125
Energy (J):     EU7 LRF7    7.504799e-14    7.504799e-14
Power (W):  EU7 ROB 23023494.679    23023494.679
Energy (J):     EU7 ROB 1.151175e-14    1.151175e-14
Power (W):  EU8 LRF8    256667691.900   256667691.900
Energy (J):     EU8 LRF8    1.283338e-13    1.283338e-13
Power (W):  EU8 ROB 41705848.525    41705848.525
Energy (J):     EU8 ROB 2.085292e-14    2.085292e-14
