BP	0.00034846090	0.00006969218	0.00167896479	0.00159140529
BTB	0.00167896479	0.00049297084	0.00000000000	0.00370353524
GRF1	0.00123451175	0.00123451175	0.00000000000	0.00000000000
GRF2	0.00123451175	0.00123451175	0.00291347654	0.00246902349
GRF3	0.00123451175	0.00123451175	0.00123451175	0.00000000000
GRF4	0.00123451175	0.00123451175	0.00035689354	0.00123451175
GRF5	0.00123451175	0.00123451175	0.00167896479	0.00248508587
GRF6	0.00123451175	0.00123451175	0.00035689354	0.00246902349
GRF7	0.00123451175	0.00123451175	0.00246902349	0.00000000000
GRF8	0.00123451175	0.00123451175	0.00246282367	0.00123451175
WIN1	0.00001606238	0.00004828461	0.00203585833	0.00211203248
WIN2	0.00001606238	0.00004818714	0.00167896479	0.00166109747
WIN3	0.00004818714	0.00001606238	0.00159140529	0.00123451175
WIN4	0.00004818714	0.00001606238	0.00167896479	0.00246902349
WIN5	0.00001606238	0.00004828461	0.00205192071	0.00211203248
WIN6	0.00004818714	0.00001606238	0.00167896479	0.00123451175
WIN7	0.00004818714	0.00001606238	0.00172715193	0.00246902349
WIN8	0.00004884850	0.00001606238	0.00167896479	0.00177857671
LSQ	0.00010728514	0.00022983388	0.00167896479	0.00179463909
RR	0.00018536302	0.00034083116	0.00167896479	0.00125057412
EU1	0.00012690284	0.00018146733	0.00189146779	0.00184300564
EU2	0.00010521786	0.00021859407	0.00178624993	0.00180587890
EU3	0.00008755950	0.00026267851	0.00159140529	0.00125057412
EU4	0.00026267851	0.00008755950	0.00167896479	0.00202447298
EU5	0.00008755950	0.00026267851	0.00201837063	0.00166109747
EU6	0.00019644062	0.00011747925	0.00169502717	0.00166109747
EU7	0.00008755950	0.00026267851	0.00159140529	0.00246902349
EU8	0.00012690284	0.00018190818	0.00189146779	0.00166109747
LRF1	0.00035689354	0.00035689354	0.00167896479	0.00371959762
LRF2	0.00035689354	0.00035699101	0.00206798309	0.00211203248
LRF3	0.00035689354	0.00035689354	0.00000000000	0.00123451175
LRF4	0.00035689354	0.00035699101	0.00167896479	0.00211203248
LRF5	0.00035689354	0.00035689354	0.00186432781	0.00123451175
LRF6	0.00035689354	0.00035689354	0.00000000000	0.00159140529
LRF7	0.00035689354	0.00035689354	0.00000000000	0.00246902349
LRF8	0.00035689354	0.00035689354	0.00210593013	0.00159140529
ROB	0.00003371943	0.00001123981	0.00178624993	0.00179463909
_0	0.00044445305	0.00123451175	0.00370353524	0.00000000000
_1	0.00246902349	0.00012001493	0.00167896479	0.00407649116
_2	0.00008755950	0.00095577086	0.00159140529	0.00151325263
_3	0.00035689354	0.00052072466	0.00000000000	0.00194829883
_4	0.00003937237	0.00001606238	0.00163959242	0.00123451175
_5	0.00008755950	0.00097183323	0.00159140529	0.00273170200
_6	0.00035689354	0.00087761820	0.00000000000	0.00282591703
_7	0.00211212995	0.00035689354	0.00203585833	0.00371959762
_8	0.00045065286	0.00123451175	0.00369733542	0.00123451175
_9	0.00003794704	0.00035699101	0.00242487663	0.00211203248
_10	0.00052118037	0.00008755950	0.00194164330	0.00202447298
_11	0.00024160232	0.00035689354	0.00222122136	0.00123451175
_12	0.00013717589	0.00001606238	0.00172715193	0.00123451175
_13	0.00035689354	0.00007617415	0.00210593013	0.00194829883
_14	0.00007850444	0.00006969218	0.00202742569	0.00159140529
_15	0.00008755950	0.00010069700	0.00201837063	0.00192377598
_16	0.00016365450	0.00001606238	0.00172781329	0.00177857671
_17	0.00001606238	0.00006929211	0.00167896479	0.00170928460
_18	0.00007149843	0.00001123981	0.00181996936	0.00179463909
_19	0.00001606238	0.00030870641	0.00205192071	0.00216031708
_20	0.00001606238	0.00030870641	0.00203585833	0.00216031708
_21	0.00123451175	0.00001606238	0.00291347654	0.00370353524
_22	0.00113813748	0.00001606238	0.00177533906	0.00246902349
printing wire delay between blocks for global and intermediate metal layers:
(in 2.0 GHz cycles)
name1   name2   global  intermediate
BP  BTB 0.957   1.827
GRF1    EU1 0.761   1.453
GRF1    EU2 0.722   1.379
GRF1    EU3 0.511   0.976
GRF1    EU4 0.758   1.447
GRF1    EU5 0.751   1.434
GRF1    EU6 0.653   1.247
GRF1    EU7 0.860   1.643
GRF1    EU8 0.709   1.353
GRF2    EU1 0.782   1.493
GRF2    EU2 0.821   1.567
GRF2    EU3 1.032   1.970
GRF2    EU4 0.785   1.499
GRF2    EU5 0.792   1.512
GRF2    EU6 0.890   1.699
GRF2    EU7 0.683   1.303
GRF2    EU8 0.834   1.593
GRF3    EU1 0.407   0.777
GRF3    EU2 0.376   0.717
GRF3    EU3 0.281   0.537
GRF3    EU4 0.428   0.817
GRF3    EU5 0.397   0.758
GRF3    EU6 0.333   0.636
GRF3    EU7 0.631   1.204
GRF3    EU8 0.355   0.678
GRF4    EU1 0.305   0.582
GRF4    EU2 0.266   0.508
GRF4    EU3 0.324   0.619
GRF4    EU4 0.302   0.576
GRF4    EU5 0.329   0.628
GRF4    EU6 0.273   0.521
GRF4    EU7 0.404   0.772
GRF4    EU8 0.310   0.591
GRF5    EU1 0.433   0.826
GRF5    EU2 0.472   0.900
GRF5    EU3 0.683   1.303
GRF5    EU4 0.436   0.832
GRF5    EU5 0.443   0.845
GRF5    EU6 0.541   1.032
GRF5    EU7 0.333   0.637
GRF5    EU8 0.485   0.926
GRF6    EU1 0.612   1.168
GRF6    EU2 0.584   1.114
GRF6    EU3 0.678   1.295
GRF6    EU4 0.532   1.015
GRF6    EU5 0.683   1.304
GRF6    EU6 0.627   1.196
GRF6    EU7 0.329   0.628
GRF6    EU8 0.664   1.267
GRF7    EU1 0.702   1.340
GRF7    EU2 0.730   1.393
GRF7    EU3 0.635   1.213
GRF7    EU4 0.782   1.493
GRF7    EU5 0.631   1.204
GRF7    EU6 0.687   1.311
GRF7    EU7 0.985   1.880
GRF7    EU8 0.650   1.240
GRF8    EU1 0.346   0.661
GRF8    EU2 0.374   0.714
GRF8    EU3 0.549   1.048
GRF8    EU4 0.426   0.813
GRF8    EU5 0.309   0.590
GRF8    EU6 0.407   0.777
GRF8    EU7 0.629   1.201
GRF8    EU8 0.351   0.670
WIN1    EU1 0.084   0.159
WIN2    EU2 0.109   0.209
WIN3    EU3 0.046   0.087
WIN4    EU4 0.148   0.282
WIN5    EU5 0.099   0.189
WIN6    EU6 0.163   0.311
WIN7    EU7 0.069   0.131
WIN8    EU8 0.082   0.157
LSQ EU1 0.071   0.135
LSQ EU2 0.032   0.061
LSQ EU3 0.179   0.342
LSQ EU4 0.068   0.129
LSQ EU5 0.128   0.244
LSQ EU6 0.072   0.137
LSQ EU7 0.226   0.431
LSQ EU8 0.109   0.208
LSQ ROB 0.052   0.098
EU1 LRF1    0.591   1.129
EU1 ROB 0.082   0.156
EU2 LRF2    0.224   0.429
EU2 ROB 0.043   0.082
EU3 LRF3    0.427   0.814
EU3 ROB 0.168   0.321
EU4 LRF4    0.077   0.147
EU4 ROB 0.079   0.151
EU5 LRF5    0.114   0.218
EU5 ROB 0.077   0.146
EU6 LRF6    0.477   0.911
EU6 ROB 0.026   0.049
EU7 LRF7    0.431   0.823
EU7 ROB 0.278   0.530
EU8 LRF8    0.100   0.190
EU8 ROB 0.057   0.109
printing wire energy between blocks for global and intermediate metal layers:
(in 2.0 GHz cycles)
name1   name2   global  intermediate
Power (W):  BP  BTB 533997140.505   533997140.505
Energy (J):     BP  BTB 2.669986e-13    2.669986e-13
Power (W):  GRF1    EU1 424663483.791   424663483.791
Energy (J):     GRF1    EU1 2.123317e-13    2.123317e-13
Power (W):  GRF1    EU2 403123688.741   403123688.741
Energy (J):     GRF1    EU2 2.015618e-13    2.015618e-13
Power (W):  GRF1    EU3 285213867.632   285213867.632
Energy (J):     GRF1    EU3 1.426069e-13    1.426069e-13
Power (W):  GRF1    EU4 423047204.430   423047204.430
Energy (J):     GRF1    EU4 2.115236e-13    2.115236e-13
Power (W):  GRF1    EU5 419212057.380   419212057.380
Energy (J):     GRF1    EU5 2.096060e-13    2.096060e-13
Power (W):  GRF1    EU6 364571651.934   364571651.934
Energy (J):     GRF1    EU6 1.822858e-13    1.822858e-13
Power (W):  GRF1    EU7 480165766.381   480165766.381
Energy (J):     GRF1    EU7 2.400829e-13    2.400829e-13
Power (W):  GRF1    EU8 395593443.157   395593443.157
Energy (J):     GRF1    EU8 1.977967e-13    1.977967e-13
Power (W):  GRF2    EU1 436536520.607   436536520.607
Energy (J):     GRF2    EU1 2.182683e-13    2.182683e-13
Power (W):  GRF2    EU2 458076315.657   458076315.657
Energy (J):     GRF2    EU2 2.290382e-13    2.290382e-13
Power (W):  GRF2    EU3 575986136.766   575986136.766
Energy (J):     GRF2    EU3 2.879931e-13    2.879931e-13
Power (W):  GRF2    EU4 438152799.968   438152799.968
Energy (J):     GRF2    EU4 2.190764e-13    2.190764e-13
Power (W):  GRF2    EU5 441987947.018   441987947.018
Energy (J):     GRF2    EU5 2.209940e-13    2.209940e-13
Power (W):  GRF2    EU6 496628352.464   496628352.464
Energy (J):     GRF2    EU6 2.483142e-13    2.483142e-13
Power (W):  GRF2    EU7 381034238.017   381034238.017
Energy (J):     GRF2    EU7 1.905171e-13    1.905171e-13
Power (W):  GRF2    EU8 465606561.241   465606561.241
Energy (J):     GRF2    EU8 2.328033e-13    2.328033e-13
Power (W):  GRF3    EU1 227141604.497   227141604.497
Energy (J):     GRF3    EU1 1.135708e-13    1.135708e-13
Power (W):  GRF3    EU2 209732611.698   209732611.698
Energy (J):     GRF3    EU2 1.048663e-13    1.048663e-13
Power (W):  GRF3    EU3 156998413.763   156998413.763
Energy (J):     GRF3    EU3 7.849921e-14    7.849921e-14
Power (W):  GRF3    EU4 238793668.273   238793668.273
Energy (J):     GRF3    EU4 1.193968e-13    1.193968e-13
Power (W):  GRF3    EU5 221690178.086   221690178.086
Energy (J):     GRF3    EU5 1.108451e-13    1.108451e-13
Power (W):  GRF3    EU6 185776217.059   185776217.059
Energy (J):     GRF3    EU6 9.288811e-14    9.288811e-14
Power (W):  GRF3    EU7 351950312.513   351950312.513
Energy (J):     GRF3    EU7 1.759752e-13    1.759752e-13
Power (W):  GRF3    EU8 198071563.862   198071563.862
Energy (J):     GRF3    EU8 9.903578e-14    9.903578e-14
Power (W):  GRF4    EU1 170038637.849   170038637.849
Energy (J):     GRF4    EU1 8.501932e-14    8.501932e-14
Power (W):  GRF4    EU2 148498842.799   148498842.799
Energy (J):     GRF4    EU2 7.424942e-14    7.424942e-14
Power (W):  GRF4    EU3 180942378.177   180942378.177
Energy (J):     GRF4    EU3 9.047119e-14    9.047119e-14
Power (W):  GRF4    EU4 168422358.488   168422358.488
Energy (J):     GRF4    EU4 8.421118e-14    8.421118e-14
Power (W):  GRF4    EU5 183573098.011   183573098.011
Energy (J):     GRF4    EU5 9.178655e-14    9.178655e-14
Power (W):  GRF4    EU6 152164574.882   152164574.882
Energy (J):     GRF4    EU6 7.608229e-14    7.608229e-14
Power (W):  GRF4    EU7 225540920.439   225540920.439
Energy (J):     GRF4    EU7 1.127705e-13    1.127705e-13
Power (W):  GRF4    EU8 172877737.333   172877737.333
Energy (J):     GRF4    EU8 8.643887e-14    8.643887e-14
Power (W):  GRF5    EU1 241584621.857   241584621.857
Energy (J):     GRF5    EU1 1.207923e-13    1.207923e-13
Power (W):  GRF5    EU2 263124416.907   263124416.907
Energy (J):     GRF5    EU2 1.315622e-13    1.315622e-13
Power (W):  GRF5    EU3 381034238.017   381034238.017
Energy (J):     GRF5    EU3 1.905171e-13    1.905171e-13
Power (W):  GRF5    EU4 243200901.218   243200901.218
Energy (J):     GRF5    EU4 1.216005e-13    1.216005e-13
Power (W):  GRF5    EU5 247036048.268   247036048.268
Energy (J):     GRF5    EU5 1.235180e-13    1.235180e-13
Power (W):  GRF5    EU6 301676453.714   301676453.714
Energy (J):     GRF5    EU6 1.508382e-13    1.508382e-13
Power (W):  GRF5    EU7 186082339.267   186082339.267
Energy (J):     GRF5    EU7 9.304117e-14    9.304117e-14
Power (W):  GRF5    EU8 270654662.491   270654662.491
Energy (J):     GRF5    EU8 1.353273e-13    1.353273e-13
Power (W):  GRF6    EU1 341329575.993   341329575.993
Energy (J):     GRF6    EU1 1.706648e-13    1.706648e-13
Power (W):  GRF6    EU2 325730059.537   325730059.537
Energy (J):     GRF6    EU2 1.628650e-13    1.628650e-13
Power (W):  GRF6    EU3 378464257.472   378464257.472
Energy (J):     GRF6    EU3 1.892321e-13    1.892321e-13
Power (W):  GRF6    EU4 296669002.963   296669002.963
Energy (J):     GRF6    EU4 1.483345e-13    1.483345e-13
Power (W):  GRF6    EU5 381094977.306   381094977.306
Energy (J):     GRF6    EU5 1.905475e-13    1.905475e-13
Power (W):  GRF6    EU6 349686454.176   349686454.176
Energy (J):     GRF6    EU6 1.748432e-13    1.748432e-13
Power (W):  GRF6    EU7 183512358.722   183512358.722
Energy (J):     GRF6    EU7 9.175618e-14    9.175618e-14
Power (W):  GRF6    EU8 370399616.628   370399616.628
Energy (J):     GRF6    EU8 1.851998e-13    1.851998e-13
Power (W):  GRF7    EU1 391654974.537   391654974.537
Energy (J):     GRF7    EU1 1.958275e-13    1.958275e-13
Power (W):  GRF7    EU2 407254490.993   407254490.993
Energy (J):     GRF7    EU2 2.036272e-13    2.036272e-13
Power (W):  GRF7    EU3 354520293.058   354520293.058
Energy (J):     GRF7    EU3 1.772601e-13    1.772601e-13
Power (W):  GRF7    EU4 436315547.567   436315547.567
Energy (J):     GRF7    EU4 2.181578e-13    2.181578e-13
Power (W):  GRF7    EU5 351889573.224   351889573.224
Energy (J):     GRF7    EU5 1.759448e-13    1.759448e-13
Power (W):  GRF7    EU6 383298096.354   383298096.354
Energy (J):     GRF7    EU6 1.916490e-13    1.916490e-13
Power (W):  GRF7    EU7 549472191.808   549472191.808
Energy (J):     GRF7    EU7 2.747361e-13    2.747361e-13
Power (W):  GRF7    EU8 362584933.902   362584933.902
Energy (J):     GRF7    EU8 1.812925e-13    1.812925e-13
Power (W):  GRF8    EU1 193141124.607   193141124.607
Energy (J):     GRF8    EU1 9.657056e-14    9.657056e-14
Power (W):  GRF8    EU2 208740641.063   208740641.063
Energy (J):     GRF8    EU2 1.043703e-13    1.043703e-13
Power (W):  GRF8    EU3 306359799.617   306359799.617
Energy (J):     GRF8    EU3 1.531799e-13    1.531799e-13
Power (W):  GRF8    EU4 237801697.638   237801697.638
Energy (J):     GRF8    EU4 1.189008e-13    1.189008e-13
Power (W):  GRF8    EU5 172361609.868   172361609.868
Energy (J):     GRF8    EU5 8.618080e-14    8.618080e-14
Power (W):  GRF8    EU6 227002015.314   227002015.314
Energy (J):     GRF8    EU6 1.135010e-13    1.135010e-13
Power (W):  GRF8    EU7 350958341.878   350958341.878
Energy (J):     GRF8    EU7 1.754792e-13    1.754792e-13
Power (W):  GRF8    EU8 195980224.091   195980224.091
Energy (J):     GRF8    EU8 9.799011e-14    9.799011e-14
Power (W):  WIN1    EU1 46624925.455    46624925.455
Energy (J):     WIN1    EU1 2.331246e-14    2.331246e-14
Power (W):  WIN2    EU2 61095645.635    61095645.635
Energy (J):     WIN2    EU2 3.054782e-14    3.054782e-14
Power (W):  WIN3    EU3 25449060.600    25449060.600
Energy (J):     WIN3    EU3 1.272453e-14    1.272453e-14
Power (W):  WIN4    EU4 82567622.551    82567622.551
Energy (J):     WIN4    EU4 4.128381e-14    4.128381e-14
Power (W):  WIN5    EU5 55349846.492    55349846.492
Energy (J):     WIN5    EU5 2.767492e-14    2.767492e-14
Power (W):  WIN6    EU6 90797324.330    90797324.330
Energy (J):     WIN6    EU6 4.539866e-14    4.539866e-14
Power (W):  WIN7    EU7 38298963.323    38298963.323
Energy (J):     WIN7    EU7 1.914948e-14    1.914948e-14
Power (W):  WIN8    EU8 45773843.022    45773843.022
Energy (J):     WIN8    EU8 2.288692e-14    2.288692e-14
Power (W):  LSQ EU1 39439219.811    39439219.811
Energy (J):     LSQ EU1 1.971961e-14    1.971961e-14
Power (W):  LSQ EU2 17899424.761    17899424.761
Energy (J):     LSQ EU2 8.949712e-15    8.949712e-15
Power (W):  LSQ EU3 100010396.348   100010396.348
Energy (J):     LSQ EU3 5.000520e-14    5.000520e-14
Power (W):  LSQ EU4 37822940.450    37822940.450
Energy (J):     LSQ EU4 1.891147e-14    1.891147e-14
Power (W):  LSQ EU5 71465972.898    71465972.898
Energy (J):     LSQ EU5 3.573299e-14    3.573299e-14
Power (W):  LSQ EU6 40057449.768    40057449.768
Energy (J):     LSQ EU6 2.002872e-14    2.002872e-14
Power (W):  LSQ EU7 126116645.686   126116645.686
Energy (J):     LSQ EU7 6.305832e-14    6.305832e-14
Power (W):  LSQ EU8 60770612.220    60770612.220
Energy (J):     LSQ EU8 3.038531e-14    3.038531e-14
Power (W):  LSQ ROB 28767891.650    28767891.650
Energy (J):     LSQ ROB 1.438395e-14    1.438395e-14
Power (W):  EU1 LRF1    329890035.965   329890035.965
Energy (J):     EU1 LRF1    1.649450e-13    1.649450e-13
Power (W):  EU1 ROB 45646379.853    45646379.853
Energy (J):     EU1 ROB 2.282319e-14    2.282319e-14
Power (W):  EU2 LRF2    125267687.154   125267687.154
Energy (J):     EU2 LRF2    6.263384e-14    6.263384e-14
Power (W):  EU2 ROB 24106584.802    24106584.802
Energy (J):     EU2 ROB 1.205329e-14    1.205329e-14
Power (W):  EU3 LRF3    238045344.825   238045344.825
Energy (J):     EU3 LRF3    1.190227e-13    1.190227e-13
Power (W):  EU3 ROB 93803236.307    93803236.307
Energy (J):     EU3 ROB 4.690162e-14    4.690162e-14
Power (W):  EU4 LRF4    43101243.727    43101243.727
Energy (J):     EU4 LRF4    2.155062e-14    2.155062e-14
Power (W):  EU4 ROB 44030100.492    44030100.492
Energy (J):     EU4 ROB 2.201505e-14    2.201505e-14
Power (W):  EU5 LRF5    63816640.385    63816640.385
Energy (J):     EU5 LRF5    3.190832e-14    3.190832e-14
Power (W):  EU5 ROB 42698081.248    42698081.248
Energy (J):     EU5 ROB 2.134904e-14    2.134904e-14
Power (W):  EU6 LRF6    266370508.178   266370508.178
Energy (J):     EU6 LRF6    1.331853e-13    1.331853e-13
Power (W):  EU6 ROB 14445452.004    14445452.004
Energy (J):     EU6 ROB 7.222726e-15    7.222726e-15
Power (W):  EU7 LRF7    240615325.370   240615325.370
Energy (J):     EU7 LRF7    1.203077e-13    1.203077e-13
Power (W):  EU7 ROB 154884537.336   154884537.336
Energy (J):     EU7 ROB 7.744227e-14    7.744227e-14
Power (W):  EU8 LRF8    55561311.445    55561311.445
Energy (J):     EU8 LRF8    2.778066e-14    2.778066e-14
Power (W):  EU8 ROB 32002720.570    32002720.570
Energy (J):     EU8 ROB 1.600136e-14    1.600136e-14
