BP	0.00006969218	0.00034846090	0.00000000000	0.00000000000
BTB	0.00081325477	0.00101407951	0.00000000000	0.00210520755
GRF	0.00349172651	0.00349172651	0.00081740897	0.00000000000
WIN1	0.00004818714	0.00001606238	0.00042658572	0.00071378708
WIN2	0.00003405268	0.00002277213	0.00041040037	0.00081740897
WIN3	0.00003398892	0.00002277213	0.00037641145	0.00081740897
WIN4	0.00003398892	0.00002277213	0.00032576918	0.00081740897
WIN5	0.00001606238	0.00004818714	0.00044445305	0.00090496847
WIN6	0.00001773758	0.00004379679	0.00044445305	0.00081740897
WIN7	0.00004818714	0.00001606238	0.00047477286	0.00071378708
WIN8	0.00001773758	0.00004376271	0.00044445305	0.00086120576
LSQ	0.00011378137	0.00021711796	0.00000000000	0.00081740897
RR	0.00017671715	0.00035689354	0.00000000000	0.00174831401
EU1	0.00026267851	0.00008755950	0.00052535702	0.00072984946
EU2	0.00026267851	0.00008755950	0.00000000000	0.00072984946
EU3	0.00010599391	0.00021711796	0.00021977528	0.00081740897
EU4	0.00011868386	0.00019434584	0.00032576918	0.00084018109
EU5	0.00010599391	0.00021711796	0.00011378137	0.00081740897
EU6	0.00008755950	0.00026267851	0.00035689354	0.00103452693
EU7	0.00026267851	0.00008755950	0.00026267851	0.00072984946
EU8	0.00026267851	0.00008755950	0.00046219063	0.00081740897
LRF1	0.00035689354	0.00035689354	0.00046051542	0.00090496847
LRF2	0.00035689354	0.00035689354	0.00046051542	0.00126186201
LRF3	0.00035689354	0.00035689354	0.00006969218	0.00000000000
LRF4	0.00035689354	0.00035689354	0.00017671715	0.00174831401
LRF5	0.00035689354	0.00035689354	0.00000000000	0.00139142047
LRF6	0.00035689354	0.00035689354	0.00042658572	0.00035689354
LRF7	0.00035689354	0.00035689354	0.00000000000	0.00103452693
LRF8	0.00035689354	0.00035689354	0.00006969218	0.00035689354
ROB	0.00001665334	0.00002277213	0.00035975810	0.00081740897
_0	0.00081740897	0.00037243945	0.00000000000	0.00311928706
_1	0.00000415419	0.00101407951	0.00081325477	0.00210520755
_2	0.00028379827	0.00035689354	0.00053361069	0.00174831401
_3	0.00002937343	0.00081740897	0.00078803553	0.00000000000
_4	0.00000455627	0.00072984946	0.00078347926	0.00000000000
_5	0.00006969218	0.00038138856	0.00000000000	0.00034846090
_6	0.00035689354	0.00035689354	0.00042658572	0.00000000000
_7	0.00035689354	0.00001606238	0.00006969218	0.00071378708
_8	0.00026051927	0.00001606238	0.00052295999	0.00071378708
_9	0.00037295592	0.00012955846	0.00044445305	0.00161875555
_10	0.00008755950	0.00045110857	0.00035689354	0.00129720544
_11	0.00009253983	0.00008755950	0.00072486914	0.00081740897
_12	0.00001606238	0.00066559995	0.00044445305	0.00095315560
printing wire delay between blocks for global and intermediate metal layers:
(in 2.0 GHz cycles)
name1   name2   global  intermediate
BP      BTB     0.806   1.538
GRF     EU1     0.825   1.576
GRF     EU2     0.976   1.863
GRF     EU3     0.892   1.702
GRF     EU4     0.856   1.635
GRF     EU5     0.922   1.760
GRF     EU6     0.786   1.501
GRF     EU7     0.901   1.719
GRF     EU8     0.818   1.562
WIN1    EU1     0.074   0.141
WIN1    EU2     0.106   0.203
WIN1    EU3     0.110   0.209
WIN1    EU4     0.081   0.154
WIN1    EU5     0.140   0.267
WIN1    EU6     0.142   0.270
WIN1    EU7     0.031   0.059
WIN1    EU8     0.081   0.154
WIN2    EU1     0.082   0.156
WIN2    EU2     0.101   0.192
WIN2    EU3     0.072   0.138
WIN2    EU4     0.043   0.083
WIN2    EU5     0.103   0.196
WIN2    EU6     0.104   0.199
WIN2    EU7     0.025   0.048
WIN2    EU8     0.057   0.109
WIN3    EU1     0.091   0.174
WIN3    EU2     0.091   0.174
WIN3    EU3     0.062   0.119
WIN3    EU4     0.034   0.064
WIN3    EU5     0.093   0.177
WIN3    EU6     0.099   0.188
WIN3    EU7     0.016   0.031
WIN3    EU8     0.067   0.127
WIN4    EU1     0.106   0.202
WIN4    EU2     0.076   0.146
WIN4    EU3     0.048   0.091
WIN4    EU4     0.043   0.083
WIN4    EU5     0.078   0.150
WIN4    EU6     0.113   0.216
WIN4    EU7     0.031   0.058
WIN4    EU8     0.081   0.155
WIN5    EU1     0.103   0.197
WIN5    EU2     0.137   0.261
WIN5    EU3     0.052   0.100
WIN5    EU4     0.022   0.041
WIN5    EU5     0.083   0.158
WIN5    EU6     0.083   0.158
WIN5    EU7     0.061   0.117
WIN5    EU8     0.060   0.114
WIN6    EU1     0.077   0.147
WIN6    EU2     0.111   0.212
WIN6    EU3     0.077   0.146
WIN6    EU4     0.048   0.091
WIN6    EU5     0.107   0.204
WIN6    EU6     0.109   0.208
WIN6    EU7     0.036   0.068
WIN6    EU8     0.046   0.089
WIN7    EU1     0.060   0.115
WIN7    EU2     0.120   0.230
WIN7    EU3     0.123   0.235
WIN7    EU4     0.094   0.180
WIN7    EU5     0.154   0.294
WIN7    EU6     0.155   0.297
WIN7    EU7     0.045   0.086
WIN7    EU8     0.067   0.128
WIN8    EU1     0.090   0.171
WIN8    EU2     0.124   0.236
WIN8    EU3     0.064   0.122
WIN8    EU4     0.035   0.067
WIN8    EU5     0.094   0.180
WIN8    EU6     0.096   0.184
WIN8    EU7     0.048   0.092
WIN8    EU8     0.046   0.089
LSQ     EU1     0.216   0.412
LSQ     EU2     0.065   0.124
LSQ     EU3     0.062   0.118
LSQ     EU4     0.097   0.186
LSQ     EU5     0.032   0.060
LSQ     EU6     0.167   0.319
LSQ     EU7     0.140   0.268
LSQ     EU8     0.172   0.329
LSQ     ROB     0.117   0.224
EU1     LRF1    0.094   0.179
EU1     LRF2    0.196   0.375
EU1     LRF3    0.288   0.549
EU1     LRF4    0.417   0.796
EU1     LRF5    0.365   0.698
EU1     LRF6    0.083   0.159
EU1     LRF7    0.263   0.502
EU1     LRF8    0.185   0.354
EU1     ROB     0.099   0.188
EU2     LRF1    0.234   0.447
EU2     LRF2    0.337   0.643
EU2     LRF3    0.204   0.390
EU2     LRF4    0.395   0.754
EU2     LRF5    0.242   0.462
EU2     LRF6    0.204   0.390
EU2     LRF7    0.139   0.266
EU2     LRF8    0.102   0.194
EU2     ROB     0.084   0.160
EU3     LRF1    0.150   0.287
EU3     LRF2    0.252   0.482
EU3     LRF3    0.221   0.423
EU3     LRF4    0.311   0.593
EU3     LRF5    0.212   0.404
EU3     LRF6    0.207   0.396
EU3     LRF7    0.109   0.209
EU3     LRF8    0.119   0.227
EU3     ROB     0.055   0.105
EU4     LRF1    0.115   0.219
EU4     LRF2    0.217   0.414
EU4     LRF3    0.257   0.490
EU4     LRF4    0.292   0.558
EU4     LRF5    0.241   0.459
EU4     LRF6    0.178   0.340
EU4     LRF7    0.138   0.264
EU4     LRF8    0.155   0.295
EU4     ROB     0.036   0.069
EU5     LRF1    0.181   0.345
EU5     LRF2    0.283   0.540
EU5     LRF3    0.238   0.454
EU5     LRF4    0.341   0.651
EU5     LRF5    0.188   0.359
EU5     LRF6    0.238   0.454
EU5     LRF7    0.086   0.163
EU5     LRF8    0.135   0.258
EU5     ROB     0.086   0.163
EU6     LRF1    0.092   0.176
EU6     LRF2    0.147   0.281
EU6     LRF3    0.327   0.624
EU6     LRF4    0.231   0.441
EU6     LRF5    0.180   0.343
EU6     LRF6    0.239   0.457
EU6     LRF7    0.077   0.147
EU6     LRF8    0.225   0.429
EU6     ROB     0.106   0.202
EU7     LRF1    0.159   0.304
EU7     LRF2    0.261   0.499
EU7     LRF3    0.212   0.406
EU7     LRF4    0.342   0.652
EU7     LRF5    0.290   0.554
EU7     LRF6    0.129   0.246
EU7     LRF7    0.188   0.358
EU7     LRF8    0.110   0.210
EU7     ROB     0.023   0.044
EU8     LRF1    0.077   0.147
EU8     LRF2    0.179   0.342
EU8     LRF3    0.295   0.563
EU8     LRF4    0.374   0.714
EU8     LRF5    0.322   0.615
EU8     LRF6    0.097   0.185
EU8     LRF7    0.220   0.420
EU8     LRF8    0.192   0.367
EU8     ROB     0.074   0.141
printing wire energy between blocks for global and intermediate metal layers:
(in 2.0 GHz cycles)
name1   name2   global  intermediate
Power (W):  BP  BTB 449567703.906   449567703.906
Energy (J):     BP  BTB 2.247839e-13    2.247839e-13
Power (W):  GRF EU1 460609597.121   460609597.121
Energy (J):     GRF EU1 2.303048e-13    2.303048e-13
Power (W):  GRF EU2 544666720.555   544666720.555
Energy (J):     GRF EU2 2.723334e-13    2.723334e-13
Power (W):  GRF EU3 497663247.724   497663247.724
Energy (J):     GRF EU3 2.488316e-13    2.488316e-13
Power (W):  GRF EU4 477867256.114   477867256.114
Energy (J):     GRF EU4 2.389336e-13    2.389336e-13
Power (W):  GRF EU5 514622272.819   514622272.819
Energy (J):     GRF EU5 2.573111e-13    2.573111e-13
Power (W):  GRF EU6 438815359.683   438815359.683
Energy (J):     GRF EU6 2.194077e-13    2.194077e-13
Power (W):  GRF EU7 502638158.838   502638158.838
Energy (J):     GRF EU7 2.513191e-13    2.513191e-13
Power (W):  GRF EU8 456706699.872   456706699.872
Energy (J):     GRF EU8 2.283533e-13    2.283533e-13
Power (W):  WIN1    EU1 41252468.532    41252468.532
Energy (J):     WIN1    EU1 2.062623e-14    2.062623e-14
Power (W):  WIN1    EU2 59384156.019    59384156.019
Energy (J):     WIN1    EU2 2.969208e-14    2.969208e-14
Power (W):  WIN1    EU3 61129077.412    61129077.412
Energy (J):     WIN1    EU3 3.056454e-14    3.056454e-14
Power (W):  WIN1    EU4 44976625.832    44976625.832
Energy (J):     WIN1    EU4 2.248831e-14    2.248831e-14
Power (W):  WIN1    EU5 78088102.507    78088102.507
Energy (J):     WIN1    EU5 3.904405e-14    3.904405e-14
Power (W):  WIN1    EU6 79048624.739    79048624.739
Energy (J):     WIN1    EU6 3.952431e-14    3.952431e-14
Power (W):  WIN1    EU7 17355594.302    17355594.302
Energy (J):     WIN1    EU7 8.677797e-15    8.677797e-15
Power (W):  WIN1    EU8 45155365.781    45155365.781
Energy (J):     WIN1    EU8 2.257768e-14    2.257768e-14
Power (W):  WIN2    EU1 45509661.555    45509661.555
Energy (J):     WIN2    EU1 2.275483e-14    2.275483e-14
Power (W):  WIN2    EU2 56200522.482    56200522.482
Energy (J):     WIN2    EU2 2.810026e-14    2.810026e-14
Power (W):  WIN2    EU3 40292383.272    40292383.272
Energy (J):     WIN2    EU3 2.014619e-14    2.014619e-14
Power (W):  WIN2    EU4 24139931.692    24139931.692
Energy (J):     WIN2    EU4 1.206997e-14    1.206997e-14
Power (W):  WIN2    EU5 57251408.367    57251408.367
Energy (J):     WIN2    EU5 2.862570e-14    2.862570e-14
Power (W):  WIN2    EU6 58211930.600    58211930.600
Energy (J):     WIN2    EU6 2.910597e-14    2.910597e-14
Power (W):  WIN2    EU7 14171960.765    14171960.765
Energy (J):     WIN2    EU7 7.085980e-15    7.085980e-15
Power (W):  WIN2    EU8 31759498.201    31759498.201
Energy (J):     WIN2    EU8 1.587975e-14    1.587975e-14
Power (W):  WIN3    EU1 50952989.542    50952989.542
Energy (J):     WIN3    EU1 2.547649e-14    2.547649e-14
Power (W):  WIN3    EU2 50757194.494    50757194.494
Energy (J):     WIN3    EU2 2.537860e-14    2.537860e-14
Power (W):  WIN3    EU3 34849055.285    34849055.285
Energy (J):     WIN3    EU3 1.742453e-14    1.742453e-14
Power (W):  WIN3    EU4 18696603.705    18696603.705
Energy (J):     WIN3    EU4 9.348302e-15    9.348302e-15
Power (W):  WIN3    EU5 51808080.380    51808080.380
Energy (J):     WIN3    EU5 2.590404e-14    2.590404e-14
Power (W):  WIN3    EU6 55094166.377    55094166.377
Energy (J):     WIN3    EU6 2.754708e-14    2.754708e-14
Power (W):  WIN3    EU7 8924427.825 8924427.825
Energy (J):     WIN3    EU7 4.462214e-15    4.462214e-15
Power (W):  WIN3    EU8 37202826.188    37202826.188
Energy (J):     WIN3    EU8 1.860141e-14    1.860141e-14
Power (W):  WIN4    EU1 59055751.663    59055751.663
Energy (J):     WIN4    EU1 2.952788e-14    2.952788e-14
Power (W):  WIN4    EU2 42654432.374    42654432.374
Energy (J):     WIN4    EU2 2.132722e-14    2.132722e-14
Power (W):  WIN4    EU3 26746293.164    26746293.164
Energy (J):     WIN4    EU3 1.337315e-14    1.337315e-14
Power (W):  WIN4    EU4 24145032.067    24145032.067
Energy (J):     WIN4    EU4 1.207252e-14    1.207252e-14
Power (W):  WIN4    EU5 43705318.259    43705318.259
Energy (J):     WIN4    EU5 2.185266e-14    2.185266e-14
Power (W):  WIN4    EU6 63196928.498    63196928.498
Energy (J):     WIN4    EU6 3.159846e-14    3.159846e-14
Power (W):  WIN4    EU7 17027189.946    17027189.946
Energy (J):     WIN4    EU7 8.513595e-15    8.513595e-15
Power (W):  WIN4    EU8 45305588.309    45305588.309
Energy (J):     WIN4    EU8 2.265279e-14    2.265279e-14
Power (W):  WIN5    EU1 57543178.475    57543178.475
Energy (J):     WIN5    EU1 2.877159e-14    2.877159e-14
Power (W):  WIN5    EU2 76252448.310    76252448.310
Energy (J):     WIN5    EU2 3.812622e-14    3.812622e-14
Power (W):  WIN5    EU3 29248975.479    29248975.479
Energy (J):     WIN5    EU3 1.462449e-14    1.462449e-14
Power (W):  WIN5    EU4 12106414.772    12106414.772
Energy (J):     WIN5    EU4 6.053207e-15    6.053207e-15
Power (W):  WIN5    EU5 46208000.574    46208000.574
Energy (J):     WIN5    EU5 2.310400e-14    2.310400e-14
Power (W):  WIN5    EU6 46178413.679    46178413.679
Energy (J):     WIN5    EU6 2.308921e-14    2.308921e-14
Power (W):  WIN5    EU7 34223886.593    34223886.593
Energy (J):     WIN5    EU7 1.711194e-14    1.711194e-14
Power (W):  WIN5    EU8 33427034.579    33427034.579
Energy (J):     WIN5    EU8 1.671352e-14    1.671352e-14
Power (W):  WIN6    EU1 43048414.291    43048414.291
Energy (J):     WIN6    EU1 2.152421e-14    2.152421e-14
Power (W):  WIN6    EU2 62025716.471    62025716.471
Energy (J):     WIN6    EU2 3.101286e-14    3.101286e-14
Power (W):  WIN6    EU3 42753630.536    42753630.536
Energy (J):     WIN6    EU3 2.137682e-14    2.137682e-14
Power (W):  WIN6    EU4 26601178.956    26601178.956
Energy (J):     WIN6    EU4 1.330059e-14    1.330059e-14
Power (W):  WIN6    EU5 59712655.631    59712655.631
Energy (J):     WIN6    EU5 2.985633e-14    2.985633e-14
Power (W):  WIN6    EU6 60673177.863    60673177.863
Energy (J):     WIN6    EU6 3.033659e-14    3.033659e-14
Power (W):  WIN6    EU7 19997154.754    19997154.754
Energy (J):     WIN6    EU7 9.998577e-15    9.998577e-15
Power (W):  WIN6    EU8 25934304.212    25934304.212
Energy (J):     WIN6    EU8 1.296715e-14    1.296715e-14
Power (W):  WIN7    EU1 33542526.898    33542526.898
Energy (J):     WIN7    EU1 1.677126e-14    1.677126e-14
Power (W):  WIN7    EU2 67094097.653    67094097.653
Energy (J):     WIN7    EU2 3.354705e-14    3.354705e-14
Power (W):  WIN7    EU3 68839019.046    68839019.046
Energy (J):     WIN7    EU3 3.441951e-14    3.441951e-14
Power (W):  WIN7    EU4 52686567.466    52686567.466
Energy (J):     WIN7    EU4 2.634328e-14    2.634328e-14
Power (W):  WIN7    EU5 85798044.141    85798044.141
Energy (J):     WIN7    EU5 4.289902e-14    4.289902e-14
Power (W):  WIN7    EU6 86758566.373    86758566.373
Energy (J):     WIN7    EU6 4.337928e-14    4.337928e-14
Power (W):  WIN7    EU7 25065535.936    25065535.936
Energy (J):     WIN7    EU7 1.253277e-14    1.253277e-14
Power (W):  WIN7    EU8 37445424.147    37445424.147
Energy (J):     WIN7    EU8 1.872271e-14    1.872271e-14
Power (W):  WIN8    EU1 50053174.577    50053174.577
Energy (J):     WIN8    EU1 2.502659e-14    2.502659e-14
Power (W):  WIN8    EU2 69030476.757    69030476.757
Energy (J):     WIN8    EU2 3.451524e-14    3.451524e-14
Power (W):  WIN8    EU3 35748870.250    35748870.250
Energy (J):     WIN8    EU3 1.787444e-14    1.787444e-14
Power (W):  WIN8    EU4 19596418.670    19596418.670
Energy (J):     WIN8    EU4 9.798209e-15    9.798209e-15
Power (W):  WIN8    EU5 52707895.345    52707895.345
Energy (J):     WIN8    EU5 2.635395e-14    2.635395e-14
Power (W):  WIN8    EU6 53668417.577    53668417.577
Energy (J):     WIN8    EU6 2.683421e-14    2.683421e-14
Power (W):  WIN8    EU7 27001915.040    27001915.040
Energy (J):     WIN8    EU7 1.350096e-14    1.350096e-14
Power (W):  WIN8    EU8 25937030.681    25937030.681
Energy (J):     WIN8    EU8 1.296852e-14    1.296852e-14
Power (W):  LSQ EU1 120343091.937   120343091.937
Energy (J):     LSQ EU1 6.017155e-14    6.017155e-14
Power (W):  LSQ EU2 36285968.503    36285968.503
Energy (J):     LSQ EU2 1.814298e-14    1.814298e-14
Power (W):  LSQ EU3 34541047.110    34541047.110
Energy (J):     LSQ EU3 1.727052e-14    1.727052e-14
Power (W):  LSQ EU4 54337038.720    54337038.720
Energy (J):     LSQ EU4 2.716852e-14    2.716852e-14
Power (W):  LSQ EU5 17582022.015    17582022.015
Energy (J):     LSQ EU5 8.791011e-15    8.791011e-15
Power (W):  LSQ EU6 93388935.151    93388935.151
Energy (J):     LSQ EU6 4.669447e-14    4.669447e-14
Power (W):  LSQ EU7 78314530.220    78314530.220
Energy (J):     LSQ EU7 3.915727e-14    3.915727e-14
Power (W):  LSQ EU8 96226948.041    96226948.041
Energy (J):     LSQ EU8 4.811347e-14    4.811347e-14
Power (W):  LSQ ROB 65338721.334    65338721.334
Energy (J):     LSQ ROB 3.266936e-14    3.266936e-14
Power (W):  EU1 LRF1    52403217.386    52403217.386
Energy (J):     EU1 LRF1    2.620161e-14    2.620161e-14
Power (W):  EU1 LRF2    109506184.034   109506184.034
Energy (J):     EU1 LRF2    5.475309e-14    5.475309e-14
Power (W):  EU1 LRF3    160598362.918   160598362.918
Energy (J):     EU1 LRF3    8.029918e-14    8.029918e-14
Power (W):  EU1 LRF4    232746227.230   232746227.230
Energy (J):     EU1 LRF4    1.163731e-13    1.163731e-13
Power (W):  EU1 LRF5    203918004.878   203918004.878
Energy (J):     EU1 LRF5    1.019590e-13    1.019590e-13
Power (W):  EU1 LRF6    46392429.622    46392429.622
Energy (J):     EU1 LRF6    2.319621e-14    2.319621e-14
Power (W):  EU1 LRF7    146815038.230   146815038.230
Energy (J):     EU1 LRF7    7.340752e-14    7.340752e-14
Power (W):  EU1 LRF8    103495396.270   103495396.270
Energy (J):     EU1 LRF8    5.174770e-14    5.174770e-14
Power (W):  EU1 ROB 55004370.603    55004370.603
Energy (J):     EU1 ROB 2.750219e-14    2.750219e-14
Power (W):  EU2 LRF1    130785434.413   130785434.413
Energy (J):     EU2 LRF1    6.539272e-14    6.539272e-14
Power (W):  EU2 LRF2    187888401.061   187888401.061
Energy (J):     EU2 LRF2    9.394420e-14    9.394420e-14
Power (W):  EU2 LRF3    113917142.122   113917142.122
Energy (J):     EU2 LRF3    5.695857e-14    5.695857e-14
Power (W):  EU2 LRF4    220312997.319   220312997.319
Energy (J):     EU2 LRF4    1.101565e-13    1.101565e-13
Power (W):  EU2 LRF5    134935286.375   134935286.375
Energy (J):     EU2 LRF5    6.746764e-14    6.746764e-14
Power (W):  EU2 LRF6    113917142.122   113917142.122
Energy (J):     EU2 LRF6    5.695857e-14    5.695857e-14
Power (W):  EU2 LRF7    77832319.727    77832319.727
Energy (J):     EU2 LRF7    3.891616e-14    3.891616e-14
Power (W):  EU2 LRF8    56814175.474    56814175.474
Energy (J):     EU2 LRF8    2.840709e-14    2.840709e-14
Power (W):  EU2 ROB 46705813.434    46705813.434
Energy (J):     EU2 ROB 2.335291e-14    2.335291e-14
Power (W):  EU3 LRF1    83781961.582    83781961.582
Energy (J):     EU3 LRF1    4.189098e-14    4.189098e-14
Power (W):  EU3 LRF2    140884928.230   140884928.230
Energy (J):     EU3 LRF2    7.044246e-14    7.044246e-14
Power (W):  EU3 LRF3    123544712.314   123544712.314
Energy (J):     EU3 LRF3    6.177236e-14    6.177236e-14
Power (W):  EU3 LRF4    173309524.489   173309524.489
Energy (J):     EU3 LRF4    8.665476e-14    8.665476e-14
Power (W):  EU3 LRF5    118115960.051   118115960.051
Energy (J):     EU3 LRF5    5.905798e-14    5.905798e-14
Power (W):  EU3 LRF6    115662063.515   115662063.515
Energy (J):     EU3 LRF6    5.783103e-14    5.783103e-14
Power (W):  EU3 LRF7    61012993.403    61012993.403
Energy (J):     EU3 LRF7    3.050650e-14    3.050650e-14
Power (W):  EU3 LRF8    66441745.666    66441745.666
Energy (J):     EU3 LRF8    3.322087e-14    3.322087e-14
Power (W):  EU3 ROB 30797674.224    30797674.224
Energy (J):     EU3 ROB 1.539884e-14    1.539884e-14
Power (W):  EU4 LRF1    63985969.972    63985969.972
Energy (J):     EU4 LRF1    3.199298e-14    3.199298e-14
Power (W):  EU4 LRF2    121088936.620   121088936.620
Energy (J):     EU4 LRF2    6.054447e-14    6.054447e-14
Power (W):  EU4 LRF3    143340703.925   143340703.925
Energy (J):     EU4 LRF3    7.167035e-14    7.167035e-14
Power (W):  EU4 LRF4    163096633.983   163096633.983
Energy (J):     EU4 LRF4    8.154832e-14    8.154832e-14
Power (W):  EU4 LRF5    134268411.631   134268411.631
Energy (J):     EU4 LRF5    6.713421e-14    6.713421e-14
Power (W):  EU4 LRF6    99509611.935    99509611.935
Energy (J):     EU4 LRF6    4.975481e-14    4.975481e-14
Power (W):  EU4 LRF7    77165444.983    77165444.983
Energy (J):     EU4 LRF7    3.858272e-14    3.858272e-14
Power (W):  EU4 LRF8    86237737.277    86237737.277
Energy (J):     EU4 LRF8    4.311887e-14    4.311887e-14
Power (W):  EU4 ROB 20093651.007    20093651.007
Energy (J):     EU4 ROB 1.004683e-14    1.004683e-14
Power (W):  EU5 LRF1    100740986.677   100740986.677
Energy (J):     EU5 LRF1    5.037049e-14    5.037049e-14
Power (W):  EU5 LRF2    157843953.325   157843953.325
Energy (J):     EU5 LRF2    7.892198e-14    7.892198e-14
Power (W):  EU5 LRF3    132621088.610   132621088.610
Energy (J):     EU5 LRF3    6.631054e-14    6.631054e-14
Power (W):  EU5 LRF4    190268549.584   190268549.584
Energy (J):     EU5 LRF4    9.513427e-14    9.513427e-14
Power (W):  EU5 LRF5    104890838.639   104890838.639
Energy (J):     EU5 LRF5    5.244542e-14    5.244542e-14
Power (W):  EU5 LRF6    132621088.610   132621088.610
Energy (J):     EU5 LRF6    6.631054e-14    6.631054e-14
Power (W):  EU5 LRF7    47787871.991    47787871.991
Energy (J):     EU5 LRF7    2.389394e-14    2.389394e-14
Power (W):  EU5 LRF8    75518121.962    75518121.962
Energy (J):     EU5 LRF8    3.775906e-14    3.775906e-14
Power (W):  EU5 ROB 47756699.319    47756699.319
Energy (J):     EU5 ROB 2.387835e-14    2.387835e-14
Power (W):  EU6 LRF1    51318374.768    51318374.768
Energy (J):     EU6 LRF1    2.565919e-14    2.565919e-14
Power (W):  EU6 LRF2    82037040.189    82037040.189
Energy (J):     EU6 LRF2    4.101852e-14    4.101852e-14
Power (W):  EU6 LRF3    182392600.355   182392600.355
Energy (J):     EU6 LRF3    9.119630e-14    9.119630e-14
Power (W):  EU6 LRF4    129024635.075   129024635.075
Energy (J):     EU6 LRF4    6.451232e-14    6.451232e-14
Power (W):  EU6 LRF5    100196412.724   100196412.724
Energy (J):     EU6 LRF5    5.009821e-14    5.009821e-14
Power (W):  EU6 LRF6    133581610.843   133581610.843
Energy (J):     EU6 LRF6    6.679081e-14    6.679081e-14
Power (W):  EU6 LRF7    43093446.076    43093446.076
Energy (J):     EU6 LRF7    2.154672e-14    2.154672e-14
Power (W):  EU6 LRF8    125289633.707   125289633.707
Energy (J):     EU6 LRF8    6.264482e-14    6.264482e-14
Power (W):  EU6 ROB 59145547.438    59145547.438
Energy (J):     EU6 ROB 2.957277e-14    2.957277e-14
Power (W):  EU7 LRF1    88756872.696    88756872.696
Energy (J):     EU7 LRF1    4.437844e-14    4.437844e-14
Power (W):  EU7 LRF2    145859839.344   145859839.344
Energy (J):     EU7 LRF2    7.292992e-14    7.292992e-14
Power (W):  EU7 LRF3    118569801.201   118569801.201
Energy (J):     EU7 LRF3    5.928490e-14    5.928490e-14
Power (W):  EU7 LRF4    190717665.513   190717665.513
Energy (J):     EU7 LRF4    9.535883e-14    9.535883e-14
Power (W):  EU7 LRF5    161889443.161   161889443.161
Energy (J):     EU7 LRF5    8.094472e-14    8.094472e-14
Power (W):  EU7 LRF6    71888580.405    71888580.405
Energy (J):     EU7 LRF6    3.594429e-14    3.594429e-14
Power (W):  EU7 LRF7    104786476.513   104786476.513
Energy (J):     EU7 LRF7    5.239324e-14    5.239324e-14
Power (W):  EU7 LRF8    61466834.553    61466834.553
Energy (J):     EU7 LRF8    3.073342e-14    3.073342e-14
Power (W):  EU7 ROB 12975808.886    12975808.886
Energy (J):     EU7 ROB 6.487904e-15    6.487904e-15
Power (W):  EU8 LRF1    42825413.730    42825413.730
Energy (J):     EU8 LRF1    2.141271e-14    2.141271e-14
Power (W):  EU8 LRF2    99928380.378    99928380.378
Energy (J):     EU8 LRF2    4.996419e-14    4.996419e-14
Power (W):  EU8 LRF3    164501260.166   164501260.166
Energy (J):     EU8 LRF3    8.225063e-14    8.225063e-14
Power (W):  EU8 LRF4    208630083.334   208630083.334
Energy (J):     EU8 LRF4    1.043150e-13    1.043150e-13
Power (W):  EU8 LRF5    179801860.982   179801860.982
Energy (J):     EU8 LRF5    8.990093e-14    8.990093e-14
Power (W):  EU8 LRF6    53976162.584    53976162.584
Energy (J):     EU8 LRF6    2.698808e-14    2.698808e-14
Power (W):  EU8 LRF7    122698894.334   122698894.334
Energy (J):     EU8 LRF7    6.134945e-14    6.134945e-14
Power (W):  EU8 LRF8    107398293.518   107398293.518
Energy (J):     EU8 LRF8    5.369915e-14    5.369915e-14
Power (W):  EU8 ROB 41254207.249    41254207.249
Energy (J):     EU8 ROB 2.062710e-14    2.062710e-14
