BP	0.00008755950	0.00027795275	0.00049368879	0.00000000000
BTB	0.00040612929	0.00203064645	0.00000000000	0.00000000000
RF	0.00246811993	0.00246811993	0.00058124830	0.00000000000
WIN	0.00008755950	0.00013915263	0.00049368879	0.00093496211
EU1	0.00008755950	0.00026267851	0.00049368879	0.00107411474
EU2	0.00008755950	0.00026267851	0.00040612929	0.00000000000
EU3	0.00008755950	0.00026267851	0.00049368879	0.00027795275
EU4	0.00008755950	0.00026267851	0.00049368879	0.00054063126
EU5	0.00017511901	0.00013165234	0.00040612929	0.00080330977
EU6	0.00008755950	0.00026267851	0.00040612929	0.00093496211
EU7	0.00008755950	0.00026267851	0.00049368879	0.00133679325
EU8	0.00008755950	0.00026267851	0.00040612929	0.00119764062
_0	0.00058124830	0.00043747348	0.00000000000	0.00203064645
_1	0.00017511901	0.00043117469	0.00040612929	0.00159947176
_2	0.00008755950	0.00054063126	0.00040612929	0.00026267851
_3	0.00008755950	0.00013915263	0.00040612929	0.00146031913
printing wire delay between blocks for global and intermediate metal layers:
(in 2.0 GHz cycles)
name1   name2   global  intermediate
BP  BTB 0.347   0.663
RF  EU1 0.375   0.715
RF  EU2 0.708   1.351
RF  EU3 0.603   1.151
RF  EU4 0.528   1.007
RF  EU5 0.484   0.923
RF  EU6 0.440   0.839
RF  EU7 0.433   0.828
RF  EU8 0.419   0.799
WIN EU1 0.058   0.110
WIN EU2 0.275   0.526
WIN EU3 0.171   0.326
WIN EU4 0.095   0.182
WIN EU5 0.051   0.098
WIN EU6 0.043   0.082
WIN EU7 0.133   0.254
WIN EU8 0.118   0.226
printing wire energy between blocks for global and intermediate metal layers:
(in 2.0 GHz cycles)
name1   name2   global  intermediate
Power (W):  BP  BTB 193720119.772   193720119.772
Energy (J):     BP  BTB 9.686006e-14    9.686006e-14
Power (W):  RF  EU1 209031309.823   209031309.823
Energy (J):     RF  EU1 1.045157e-13    1.045157e-13
Power (W):  RF  EU2 394899189.161   394899189.161
Energy (J):     RF  EU2 1.974496e-13    1.974496e-13
Power (W):  RF  EU3 336417228.247   336417228.247
Energy (J):     RF  EU3 1.682086e-13    1.682086e-13
Power (W):  RF  EU4 294388666.530   294388666.530
Energy (J):     RF  EU4 1.471943e-13    1.471943e-13
Power (W):  RF  EU5 269846959.005   269846959.005
Energy (J):     RF  EU5 1.349235e-13    1.349235e-13
Power (W):  RF  EU6 245305251.480   245305251.480
Energy (J):     RF  EU6 1.226526e-13    1.226526e-13
Power (W):  RF  EU7 241905961.627   241905961.627
Energy (J):     RF  EU7 1.209530e-13    1.209530e-13
Power (W):  RF  EU8 233651061.115   233651061.115
Energy (J):     RF  EU8 1.168255e-13    1.168255e-13
Power (W):  WIN EU1 32146491.401    32146491.401
Energy (J):     WIN EU1 1.607325e-14    1.607325e-14
Power (W):  WIN EU2 153721387.937   153721387.937
Energy (J):     WIN EU2 7.686069e-14    7.686069e-14
Power (W):  WIN EU3 95239427.023    95239427.023
Energy (J):     WIN EU3 4.761971e-14    4.761971e-14
Power (W):  WIN EU4 53210865.306    53210865.306
Energy (J):     WIN EU4 2.660543e-14    2.660543e-14
Power (W):  WIN EU5 28669157.781    28669157.781
Energy (J):     WIN EU5 1.433458e-14    1.433458e-14
Power (W):  WIN EU6 23891590.888    23891590.888
Energy (J):     WIN EU6 1.194580e-14    1.194580e-14
Power (W):  WIN EU7 74175053.118    74175053.118
Energy (J):     WIN EU7 3.708753e-14    3.708753e-14
Power (W):  WIN EU8 65920152.606    65920152.606
Energy (J):     WIN EU8 3.296008e-14    3.296008e-14
