BP	0.00006969218	0.00034846090	0.00203064645	0.00000000000
BTB	0.00203064645	0.00040612929	0.00000000000	0.00000000000
RF	0.00493684231	0.00493684231	0.00000000000	0.00040612929
RS	0.00066540084	0.00040612929	0.00282963492	0.00000000000
LSQ	0.00011008031	0.00022370940	0.00252869286	0.00008755950
RR	0.00015539190	0.00040612929	0.00210033863	0.00000000000
EU1	0.00008755950	0.00026267851	0.00274207542	0.00000000000
EU2	0.00011117965	0.00020758614	0.00225573053	0.00010368276
EU3	0.00011117965	0.00020758614	0.00236691018	0.00010368276
EU4	0.00024317244	0.00009486039	0.00249890298	0.00031126890
EU5	0.00022235930	0.00010368276	0.00225573053	0.00000000000
EU6	0.00024317244	0.00009486039	0.00225573053	0.00031126890
EU7	0.00010330224	0.00022370940	0.00263877317	0.00008755950
EU8	0.00026398558	0.00008755950	0.00247808983	0.00000000000
ROB	0.00005060303	0.00015180909	0.00247808983	0.00008755950
_0	0.00144180655	0.00040612929	0.00349503576	0.00000000000
_1	0.00008755950	0.00014345078	0.00274207542	0.00026267851
_2	0.00006969218	0.00005766839	0.00203064645	0.00034846090
_3	0.00005060303	0.00007190031	0.00247808983	0.00023936859
printing wire delay between blocks for global and intermediate metal layers:
(in 2.0 GHz cycles)
name1   name2   global  intermediate
BP  BTB 0.309   0.591
RF  EU1 0.878   1.675
RF  EU2 0.810   1.546
RF  EU3 0.778   1.485
RF  EU4 0.765   1.460
RF  EU5 0.838   1.601
RF  EU6 0.747   1.427
RF  EU7 0.831   1.586
RF  EU8 0.852   1.627
RS  EU1 0.129   0.245
RS  EU2 0.245   0.468
RS  EU3 0.213   0.407
RS  EU4 0.200   0.382
RS  EU5 0.271   0.518
RS  EU6 0.270   0.515
RS  EU7 0.136   0.260
RS  EU8 0.204   0.389
LSQ EU1 0.077   0.148
LSQ EU2 0.080   0.154
LSQ EU3 0.049   0.093
LSQ EU4 0.056   0.107
LSQ EU5 0.104   0.199
LSQ EU6 0.105   0.200
LSQ EU7 0.031   0.058
LSQ EU8 0.052   0.100
LSQ ROB 0.033   0.064
EU1 ROB 0.090   0.172
EU2 ROB 0.068   0.129
EU3 ROB 0.036   0.068
EU4 ROB 0.090   0.171
EU5 ROB 0.071   0.136
EU6 ROB 0.092   0.176
EU7 ROB 0.064   0.122
EU8 ROB 0.065   0.124
printing wire energy between blocks for global and intermediate metal layers:
(in 2.0 GHz cycles)
name1   name2   global  intermediate
Power (W):  BP  BTB 172640561.377   172640561.377
Energy (J):     BP  BTB 8.632028e-14    8.632028e-14
Power (W):  RF  EU1 489703232.744   489703232.744
Energy (J):     RF  EU1 2.448516e-13    2.448516e-13
Power (W):  RF  EU2 451868065.427   451868065.427
Energy (J):     RF  EU2 2.259340e-13    2.259340e-13
Power (W):  RF  EU3 434079321.426   434079321.426
Energy (J):     RF  EU3 2.170397e-13    2.170397e-13
Power (W):  RF  EU4 426867102.489   426867102.489
Energy (J):     RF  EU4 2.134336e-13    2.134336e-13
Power (W):  RF  EU5 467875205.677   467875205.677
Energy (J):     RF  EU5 2.339376e-13    2.339376e-13
Power (W):  RF  EU6 417112919.863   417112919.863
Energy (J):     RF  EU6 2.085565e-13    2.085565e-13
Power (W):  RF  EU7 463542301.187   463542301.187
Energy (J):     RF  EU7 2.317712e-13    2.317712e-13
Power (W):  RF  EU8 475589146.239   475589146.239
Energy (J):     RF  EU8 2.377946e-13    2.377946e-13
Power (W):  RS  EU1 71712889.868    71712889.868
Energy (J):     RS  EU1 3.585644e-14    3.585644e-14
Power (W):  RS  EU2 136868187.499   136868187.499
Energy (J):     RS  EU2 6.843409e-14    6.843409e-14
Power (W):  RS  EU3 119079443.498   119079443.498
Energy (J):     RS  EU3 5.953972e-14    5.953972e-14
Power (W):  RS  EU4 111596895.479   111596895.479
Energy (J):     RS  EU4 5.579845e-14    5.579845e-14
Power (W):  RS  EU5 151463747.583   151463747.583
Energy (J):     RS  EU5 7.573187e-14    7.573187e-14
Power (W):  RS  EU6 150504486.271   150504486.271
Energy (J):     RS  EU6 7.525224e-14    7.525224e-14
Power (W):  RS  EU7 76089838.069    76089838.069
Energy (J):     RS  EU7 3.804492e-14    3.804492e-14
Power (W):  RS  EU8 113846017.518   113846017.518
Energy (J):     RS  EU8 5.692301e-14    5.692301e-14
Power (W):  LSQ EU1 43231535.932    43231535.932
Energy (J):     LSQ EU1 2.161577e-14    2.161577e-14
Power (W):  LSQ EU2 44875886.343    44875886.343
Energy (J):     LSQ EU2 2.243794e-14    2.243794e-14
Power (W):  LSQ EU3 27087142.342    27087142.342
Energy (J):     LSQ EU3 1.354357e-14    1.354357e-14
Power (W):  LSQ EU4 31366571.466    31366571.466
Energy (J):     LSQ EU4 1.568329e-14    1.568329e-14
Power (W):  LSQ EU5 58303305.140    58303305.140
Energy (J):     LSQ EU5 2.915165e-14    2.915165e-14
Power (W):  LSQ EU6 58512185.115    58512185.115
Energy (J):     LSQ EU6 2.925609e-14    2.925609e-14
Power (W):  LSQ EU7 17070604.374    17070604.374
Energy (J):     LSQ EU7 8.535302e-15    8.535302e-15
Power (W):  LSQ EU8 29117449.427    29117449.427
Energy (J):     LSQ EU8 1.455872e-14    1.455872e-14
Power (W):  LSQ ROB 18606691.912    18606691.912
Energy (J):     LSQ ROB 9.303346e-15    9.303346e-15
Power (W):  EU1 ROB 50334178.416    50334178.416
Energy (J):     EU1 ROB 2.516709e-14    2.516709e-14
Power (W):  EU2 ROB 37773243.859    37773243.859
Energy (J):     EU2 ROB 1.888662e-14    1.888662e-14
Power (W):  EU3 ROB 19984499.858    19984499.858
Energy (J):     EU3 ROB 9.992250e-15    9.992250e-15
Power (W):  EU4 ROB 49973263.377    49973263.377
Energy (J):     EU4 ROB 2.498663e-14    2.498663e-14
Power (W):  EU5 ROB 39696613.228    39696613.228
Energy (J):     EU5 ROB 1.984831e-14    1.984831e-14
Power (W):  EU6 ROB 51409542.631    51409542.631
Energy (J):     EU6 ROB 2.570477e-14    2.570477e-14
Power (W):  EU7 ROB 35677296.286    35677296.286
Energy (J):     EU7 ROB 1.783865e-14    1.783865e-14
Power (W):  EU8 ROB 36220091.911    36220091.911
Energy (J):     EU8 ROB 1.811005e-14    1.811005e-14
